Added Component: Designator=B1(BEEP)
Added Component: Designator=C1(0603C)
Added Component: Designator=C2(0603C)
Added Component: Designator=C3(0603C)
Added Component: Designator=C4(0603C)
Added Component: Designator=C5(0603C)
Added Component: Designator=C6(0603C)
Added Component: Designator=C7(0603C)
Added Component: Designator=C8(0603C)
Added Component: Designator=C9(0603C)
Added Component: Designator=C10(0603C)
Added Component: Designator=C11(0603C)
Added Component: Designator=C12(0603C)
Added Component: Designator=C13(0603C)
Added Component: Designator=C14(0603C)
Added Component: Designator=C15(0603C)
Added Component: Designator=C16(0603C)
Added Component: Designator=C17(0603C)
Added Component: Designator=C18(0603C)
Added Component: Designator=C19(0603C)
Added Component: Designator=C20(0603C)
Added Component: Designator=C21(0603C)
Added Component: Designator=C22(0603C)
Added Component: Designator=C23(0603C)
Added Component: Designator=C24(0603C)
Added Component: Designator=C25(0603C)
Added Component: Designator=C26(0603C)
Added Component: Designator=C27(0603C)
Added Component: Designator=C28(0603C)
Added Component: Designator=C29(0603C)
Added Component: Designator=C30(0603C)
Added Component: Designator=C31(0603C)
Added Component: Designator=C32(0603C)
Added Component: Designator=C33(0603C)
Added Component: Designator=C34(0603C)
Added Component: Designator=C35(0603C)
Added Component: Designator=C36(0603C)
Added Component: Designator=C37(0603C)
Added Component: Designator=C38(0603C)
Added Component: Designator=C39(0603C)
Added Component: Designator=C40(0603C)
Added Component: Designator=C41(10*10/G/470uF)
Added Component: Designator=C42(0603C)
Added Component: Designator=C43(0603C)
Added Component: Designator=C44(0603C)
Added Component: Designator=C45(3528/B)
Added Component: Designator=C47(0603C)
Added Component: Designator=C48(0603C)
Added Component: Designator=C49(0603C)
Added Component: Designator=C50(0603C)
Added Component: Designator=C51(0603C)
Added Component: Designator=C52(0603C)
Added Component: Designator=C53(0603C)
Added Component: Designator=C54(0603C)
Added Component: Designator=C55(0603C)
Added Component: Designator=C56(0603C)
Added Component: Designator=D1(0603R)
Added Component: Designator=D2(0603R)
Added Component: Designator=FB1(0603-FB)
Added Component: Designator=FB2(0603-FB)
Added Component: Designator=FB3(0603-FB)
Added Component: Designator=FB4(0603-FB)
Added Component: Designator=FB5(0603-FB)
Added Component: Designator=FB6(0603-FB)
Added Component: Designator=FB7(0603-FB)
Added Component: Designator=FB8(0603-FB)
Added Component: Designator=FB9(0603-FB)
Added Component: Designator=FB10(0603-FB)
Added Component: Designator=FB11(0603-FB)
Added Component: Designator=FB12(0603-FB)
Added Component: Designator=FB13(0603-FB)
Added Component: Designator=J1(3X13RA)
Added Component: Designator=J2(53048-06)
Added Component: Designator=J3(53048-12)
Added Component: Designator=J4(SIP4)
Added Component: Designator=J5(SIP4)
Added Component: Designator=J6(SIP4)
Added Component: Designator=J7(SIP3)
Added Component: Designator=J8(SIP3)
Added Component: Designator=J9(SIP3)
Added Component: Designator=J10(SIP3)
Added Component: Designator=J11(IDC14)
Added Component: Designator=JP1(IPEX-20279-00E-03)
Added Component: Designator=JP2(IPEX-20279-00E-03)
Added Component: Designator=K1(3*6*2.5 SMD)
Added Component: Designator=L1(0603L)
Added Component: Designator=LED1(0603D)
Added Component: Designator=LED2(0603D)
Added Component: Designator=LED3(0603D)
Added Component: Designator=LED4(0603D)
Added Component: Designator=PTC1(1210)
Added Component: Designator=Q1(SOT23-PNP)
Added Component: Designator=R1(0603R)
Added Component: Designator=R2(0603R)
Added Component: Designator=R3(0603R)
Added Component: Designator=R4(0603R)
Added Component: Designator=R5(0603R)
Added Component: Designator=R6(0603R)
Added Component: Designator=R7(0603R)
Added Component: Designator=R8(0603R)
Added Component: Designator=R9(0603R)
Added Component: Designator=R10(0603R)
Added Component: Designator=R11(0603R)
Added Component: Designator=R12(0805)
Added Component: Designator=R15(0603R)
Added Component: Designator=R16(0603R)
Added Component: Designator=R17(0603R)
Added Component: Designator=R18(0603R)
Added Component: Designator=R19(0603R)
Added Component: Designator=R20(0603R)
Added Component: Designator=R21(0603R)
Added Component: Designator=R22(0603R)
Added Component: Designator=R23(0603R)
Added Component: Designator=R24(0603R)
Added Component: Designator=R25(0603R)
Added Component: Designator=R26(0603R)
Added Component: Designator=R27(0603R)
Added Component: Designator=R28(0603R)
Added Component: Designator=R29(0603R)
Added Component: Designator=R30(0603R)
Added Component: Designator=R31(0603R)
Added Component: Designator=R32(0603R)
Added Component: Designator=R33(0603R)
Added Component: Designator=R34(0603R)
Added Component: Designator=R35(0603R)
Added Component: Designator=R36(0603R)
Added Component: Designator=R37(0603R)
Added Component: Designator=R38(0603R)
Added Component: Designator=RP1(YC164)
Added Component: Designator=RP2(YC164)
Added Component: Designator=RP3(YC164)
Added Component: Designator=RP4(YC248)
Added Component: Designator=RP5(YC248)
Added Component: Designator=SW1(SIP2)
Added Component: Designator=TP1(test)
Added Component: Designator=TP2(test)
Added Component: Designator=TP3(test)
Added Component: Designator=TP4(test)
Added Component: Designator=TP5(test)
Added Component: Designator=TP6(test)
Added Component: Designator=TP7(test)
Added Component: Designator=TP8(test)
Added Component: Designator=TP9(test)
Added Component: Designator=U1(LQFP-176)
Added Component: Designator=U2(TO-92)
Added Component: Designator=U3(SSOP20)
Added Component: Designator=U4(SSOP20)
Added Component: Designator=U5(SO8)
Added Component: Designator=U6(SO8)
Added Component: Designator=U7(microsd)
Added Component: Designator=U8(SOIC-8)
Added Component: Designator=U9(BGA725L6)
Added Component: Designator=U10(ublox-M8)
Added Component: Designator=U11(SOT223)
Added Component: Designator=U13(TPS767D301)
Added Component: Designator=U14(IMP811)
Added Component: Designator=U15(SO14)
Added Component: Designator=U16(MPXV7002DP)
Added Component: Designator=U17(VSSOP-8)
Added Component: Designator=U18(SSOP24)
Added Component: Designator=VDR1(0603R)
Added Component: Designator=VDR2(0603R)
Added Component: Designator=VDR3(0603R)
Added Component: Designator=VDR4(0603R)
Added Component: Designator=VDR5(0603R)
Added Component: Designator=VDR6(0603R)
Added Component: Designator=VDR7(0603R)
Added Component: Designator=VDR8(0603R)
Added Component: Designator=VDR9(0603R)
Added Component: Designator=Y1(5032Y)
Added Pin To Net: NetName=NetB1_1 Pin=B1-1
Added Pin To Net: NetName=GND Pin=B1-2
Added Pin To Net: NetName=VDD1V9 Pin=C1-1
Added Pin To Net: NetName=GND Pin=C1-2
Added Pin To Net: NetName=VDD3V3 Pin=C2-1
Added Pin To Net: NetName=GND Pin=C2-2
Added Pin To Net: NetName=VDD1V9 Pin=C3-1
Added Pin To Net: NetName=GND Pin=C3-2
Added Pin To Net: NetName=VDD3V3 Pin=C4-1
Added Pin To Net: NetName=GND Pin=C4-2
Added Pin To Net: NetName=VDD1V9 Pin=C5-1
Added Pin To Net: NetName=GND Pin=C5-2
Added Pin To Net: NetName=VDD3V3 Pin=C6-1
Added Pin To Net: NetName=GND Pin=C6-2
Added Pin To Net: NetName=VDD1V9 Pin=C7-1
Added Pin To Net: NetName=GND Pin=C7-2
Added Pin To Net: NetName=VDD3V3 Pin=C8-1
Added Pin To Net: NetName=GND Pin=C8-2
Added Pin To Net: NetName=VDD1V9 Pin=C9-1
Added Pin To Net: NetName=GND Pin=C9-2
Added Pin To Net: NetName=VDD3V3 Pin=C10-1
Added Pin To Net: NetName=GND Pin=C10-2
Added Pin To Net: NetName=VDD3V3 Pin=C11-1
Added Pin To Net: NetName=GND Pin=C11-2
Added Pin To Net: NetName=VDD1V9 Pin=C12-1
Added Pin To Net: NetName=GND Pin=C12-2
Added Pin To Net: NetName=VDD3V3 Pin=C13-1
Added Pin To Net: NetName=GND Pin=C13-2
Added Pin To Net: NetName=VDD1V9 Pin=C14-1
Added Pin To Net: NetName=GND Pin=C14-2
Added Pin To Net: NetName=VDD3V3 Pin=C15-1
Added Pin To Net: NetName=GND Pin=C15-2
Added Pin To Net: NetName=VDD1V9 Pin=C16-1
Added Pin To Net: NetName=GND Pin=C16-2
Added Pin To Net: NetName=VDD1V9 Pin=C17-1
Added Pin To Net: NetName=GND Pin=C17-2
Added Pin To Net: NetName=VDD1V9 Pin=C18-1
Added Pin To Net: NetName=GND Pin=C18-2
Added Pin To Net: NetName=VDD3V3 Pin=C19-1
Added Pin To Net: NetName=GND Pin=C19-2
Added Pin To Net: NetName=VDD1V9 Pin=C20-1
Added Pin To Net: NetName=GND Pin=C20-2
Added Pin To Net: NetName=VDD1V9 Pin=C21-1
Added Pin To Net: NetName=GND Pin=C21-2
Added Pin To Net: NetName=VDD1V9 Pin=C22-1
Added Pin To Net: NetName=GND Pin=C22-2
Added Pin To Net: NetName=NetC23_1 Pin=C23-1
Added Pin To Net: NetName=AGND Pin=C23-2
Added Pin To Net: NetName=NetC24_1 Pin=C24-1
Added Pin To Net: NetName=AGND Pin=C24-2
Added Pin To Net: NetName=GND Pin=C25-1
Added Pin To Net: NetName=NetC25_2 Pin=C25-2
Added Pin To Net: NetName=GND Pin=C26-1
Added Pin To Net: NetName=NetC26_2 Pin=C26-2
Added Pin To Net: NetName=GND Pin=C27-1
Added Pin To Net: NetName=NetC27_2 Pin=C27-2
Added Pin To Net: NetName=GND Pin=C28-1
Added Pin To Net: NetName=VDD3V3 Pin=C28-2
Added Pin To Net: NetName=GND Pin=C29-1
Added Pin To Net: NetName=VDD5 Pin=C29-2
Added Pin To Net: NetName=GND Pin=C30-1
Added Pin To Net: NetName=VDD5 Pin=C30-2
Added Pin To Net: NetName=GND Pin=C31-1
Added Pin To Net: NetName=VDD3V3 Pin=C31-2
Added Pin To Net: NetName=GND Pin=C32-1
Added Pin To Net: NetName=VDD3V3 Pin=C32-2
Added Pin To Net: NetName=GND Pin=C33-1
Added Pin To Net: NetName=VDD3V3 Pin=C33-2
Added Pin To Net: NetName=GND Pin=C34-1
Added Pin To Net: NetName=VDD3V3 Pin=C34-2
Added Pin To Net: NetName=GND Pin=C35-1
Added Pin To Net: NetName=VDD3V3 Pin=C35-2
Added Pin To Net: NetName=GND Pin=C36-1
Added Pin To Net: NetName=VDD5 Pin=C36-2
Added Pin To Net: NetName=NetC37_1 Pin=C37-1
Added Pin To Net: NetName=RF_IN Pin=C37-2
Added Pin To Net: NetName=VCC_RF Pin=C38-1
Added Pin To Net: NetName=GND Pin=C38-2
Added Pin To Net: NetName=VCC_RF Pin=C39-1
Added Pin To Net: NetName=GND Pin=C39-2
Added Pin To Net: NetName=GND Pin=C40-1
Added Pin To Net: NetName=VCC3V3 Pin=C40-2
Added Pin To Net: NetName=VDD5 Pin=C41-1
Added Pin To Net: NetName=GND Pin=C41-2
Added Pin To Net: NetName=GND Pin=C42-1
Added Pin To Net: NetName=VDD5 Pin=C42-2
Added Pin To Net: NetName=GND Pin=C43-1
Added Pin To Net: NetName=VDD5 Pin=C43-2
Added Pin To Net: NetName=GND Pin=C44-1
Added Pin To Net: NetName=VDD5 Pin=C44-2
Added Pin To Net: NetName=GND Pin=C45-2
Added Pin To Net: NetName=GND Pin=C47-1
Added Pin To Net: NetName=GND Pin=C48-1
Added Pin To Net: NetName=NetC48_2 Pin=C48-2
Added Pin To Net: NetName=GND Pin=C49-1
Added Pin To Net: NetName=NetC48_2 Pin=C49-2
Added Pin To Net: NetName=GND Pin=C50-1
Added Pin To Net: NetName=NetC50_2 Pin=C50-2
Added Pin To Net: NetName=GND Pin=C51-1
Added Pin To Net: NetName=NetC50_2 Pin=C51-2
Added Pin To Net: NetName=GND Pin=C52-1
Added Pin To Net: NetName=VDD3V3 Pin=C52-2
Added Pin To Net: NetName=GND Pin=C53-1
Added Pin To Net: NetName=VDD5 Pin=C53-2
Added Pin To Net: NetName=GND Pin=C54-1
Added Pin To Net: NetName=VDD3V3 Pin=C54-2
Added Pin To Net: NetName=VDD3V3 Pin=C55-1
Added Pin To Net: NetName=GND Pin=C55-2
Added Pin To Net: NetName=GND Pin=C56-1
Added Pin To Net: NetName=VDD3V3 Pin=C56-2
Added Pin To Net: NetName=NetD1_1 Pin=D1-1
Added Pin To Net: NetName=GND Pin=D1-2
Added Pin To Net: NetName=NetD2_1 Pin=D2-1
Added Pin To Net: NetName=GND Pin=D2-2
Added Pin To Net: NetName=NetFB1_1 Pin=FB1-1
Added Pin To Net: NetName=VCC3V3 Pin=FB1-2
Added Pin To Net: NetName=NetFB2_1 Pin=FB2-1
Added Pin To Net: NetName=VDD5_PERIPH Pin=FB2-2
Added Pin To Net: NetName=NetFB3_1 Pin=FB3-1
Added Pin To Net: NetName=VDD5_PERIPH Pin=FB3-2
Added Pin To Net: NetName=NetFB4_1 Pin=FB4-1
Added Pin To Net: NetName=VDD5_PERIPH Pin=FB4-2
Added Pin To Net: NetName=NetFB5_1 Pin=FB5-1
Added Pin To Net: NetName=VDD5_PERIPH Pin=FB5-2
Added Pin To Net: NetName=NetFB6_1 Pin=FB6-1
Added Pin To Net: NetName=VDD5_PERIPH Pin=FB6-2
Added Pin To Net: NetName=NetFB7_1 Pin=FB7-1
Added Pin To Net: NetName=VDD5_PERIPH Pin=FB7-2
Added Pin To Net: NetName=NetFB8_1 Pin=FB8-1
Added Pin To Net: NetName=VDD5 Pin=FB8-2
Added Pin To Net: NetName=VCC3V3 Pin=FB9-1
Added Pin To Net: NetName=VCC_RF Pin=FB9-2
Added Pin To Net: NetName=BAT_CURRENT_SENSE Pin=FB10-1
Added Pin To Net: NetName=NetFB10_2 Pin=FB10-2
Added Pin To Net: NetName=BAT6S_VOLT_SENSE Pin=FB11-1
Added Pin To Net: NetName=NetFB11_2 Pin=FB11-2
Added Pin To Net: NetName=NetFB12_1 Pin=FB12-1
Added Pin To Net: NetName=NetFB12_2 Pin=FB12-2
Added Pin To Net: NetName=NetFB13_1 Pin=FB13-1
Added Pin To Net: NetName=NetFB13_2 Pin=FB13-2
Added Pin To Net: NetName=PWM1 Pin=J1-1
Added Pin To Net: NetName=BAT2S_VOLT Pin=J1-2
Added Pin To Net: NetName=GND Pin=J1-3
Added Pin To Net: NetName=PWM2 Pin=J1-4
Added Pin To Net: NetName=BAT2S_VOLT Pin=J1-5
Added Pin To Net: NetName=GND Pin=J1-6
Added Pin To Net: NetName=PWM3 Pin=J1-7
Added Pin To Net: NetName=BAT2S_VOLT Pin=J1-8
Added Pin To Net: NetName=GND Pin=J1-9
Added Pin To Net: NetName=PWM4 Pin=J1-10
Added Pin To Net: NetName=BAT2S_VOLT Pin=J1-11
Added Pin To Net: NetName=GND Pin=J1-12
Added Pin To Net: NetName=PWM5 Pin=J1-13
Added Pin To Net: NetName=BAT2S_VOLT Pin=J1-14
Added Pin To Net: NetName=GND Pin=J1-15
Added Pin To Net: NetName=PWM6 Pin=J1-16
Added Pin To Net: NetName=BAT2S_VOLT Pin=J1-17
Added Pin To Net: NetName=GND Pin=J1-18
Added Pin To Net: NetName=PWM7 Pin=J1-19
Added Pin To Net: NetName=BAT2S_VOLT Pin=J1-20
Added Pin To Net: NetName=GND Pin=J1-21
Added Pin To Net: NetName=PWM8 Pin=J1-22
Added Pin To Net: NetName=BAT2S_VOLT Pin=J1-23
Added Pin To Net: NetName=GND Pin=J1-24
Added Pin To Net: NetName=PWM9 Pin=J1-25
Added Pin To Net: NetName=BAT2S_VOLT Pin=J1-26
Added Pin To Net: NetName=GND Pin=J1-27
Added Pin To Net: NetName=PWM10 Pin=J1-28
Added Pin To Net: NetName=BAT2S_VOLT Pin=J1-29
Added Pin To Net: NetName=GND Pin=J1-30
Added Pin To Net: NetName=PWM11 Pin=J1-31
Added Pin To Net: NetName=BAT2S_VOLT Pin=J1-32
Added Pin To Net: NetName=GND Pin=J1-33
Added Pin To Net: NetName=PWM12 Pin=J1-34
Added Pin To Net: NetName=BAT2S_VOLT Pin=J1-35
Added Pin To Net: NetName=GND Pin=J1-36
Added Pin To Net: NetName=SBUS_TX Pin=J1-37
Added Pin To Net: NetName=VDD5_PERIPH Pin=J1-38
Added Pin To Net: NetName=GND Pin=J1-39
Added Pin To Net: NetName=V5 Pin=J2-1
Added Pin To Net: NetName=V5 Pin=J2-2
Added Pin To Net: NetName=BAT_CURRENT_SENSE Pin=J2-3
Added Pin To Net: NetName=BAT6S_VOLT_SENSE Pin=J2-4
Added Pin To Net: NetName=GND Pin=J2-5
Added Pin To Net: NetName=GND Pin=J2-6
Added Pin To Net: NetName=DSP_RST Pin=J3-1
Added Pin To Net: NetName=ISENSOR_DIO1 Pin=J3-2
Added Pin To Net: NetName=ISENSOR_DIO2 Pin=J3-3
Added Pin To Net: NetName=ISENSOR_DIO3 Pin=J3-4
Added Pin To Net: NetName=ISENSOR_DIO4 Pin=J3-5
Added Pin To Net: NetName=I\S\E\N\S\O\R\_\C\S\ Pin=J3-6
Added Pin To Net: NetName=ISENSOR_CLK Pin=J3-7
Added Pin To Net: NetName=ISENSOR_SIMO Pin=J3-8
Added Pin To Net: NetName=ISENSOR_SOMI Pin=J3-9
Added Pin To Net: NetName=GND Pin=J3-10
Added Pin To Net: NetName=NetFB1_1 Pin=J3-11
Added Pin To Net: NetName=NetFB1_1 Pin=J3-12
Added Pin To Net: NetName=NetFB2_1 Pin=J4-1
Added Pin To Net: NetName=CANTH Pin=J4-2
Added Pin To Net: NetName=CANTL Pin=J4-3
Added Pin To Net: NetName=GND Pin=J4-4
Added Pin To Net: NetName=SDA Pin=J5-1
Added Pin To Net: NetName=SCL Pin=J5-2
Added Pin To Net: NetName=NetFB3_1 Pin=J5-3
Added Pin To Net: NetName=GND Pin=J5-4
Added Pin To Net: NetName=SCITXA Pin=J6-1
Added Pin To Net: NetName=SCIRXA Pin=J6-2
Added Pin To Net: NetName=NetFB4_1 Pin=J6-3
Added Pin To Net: NetName=GND Pin=J6-4
Added Pin To Net: NetName=SCITXC Pin=J7-1
Added Pin To Net: NetName=SCIRXC Pin=J7-2
Added Pin To Net: NetName=GND Pin=J7-3
Added Pin To Net: NetName=CAP1 Pin=J8-1
Added Pin To Net: NetName=NetFB6_1 Pin=J8-2
Added Pin To Net: NetName=GND Pin=J8-3
Added Pin To Net: NetName=SBUS_RX Pin=J9-1
Added Pin To Net: NetName=NetFB7_1 Pin=J9-2
Added Pin To Net: NetName=GND Pin=J9-3
Added Pin To Net: NetName=CAP2 Pin=J10-1
Added Pin To Net: NetName=NetFB5_1 Pin=J10-2
Added Pin To Net: NetName=GND Pin=J10-3
Added Pin To Net: NetName=TMS Pin=J11-1
Added Pin To Net: NetName=T\R\S\T\ Pin=J11-2
Added Pin To Net: NetName=TDI Pin=J11-3
Added Pin To Net: NetName=GND Pin=J11-4
Added Pin To Net: NetName=VDD5 Pin=J11-5
Added Pin To Net: NetName=TDO\ Pin=J11-7
Added Pin To Net: NetName=GND Pin=J11-8
Added Pin To Net: NetName=TCK Pin=J11-9
Added Pin To Net: NetName=GND Pin=J11-10
Added Pin To Net: NetName=TCK Pin=J11-11
Added Pin To Net: NetName=GND Pin=J11-12
Added Pin To Net: NetName=EMU0 Pin=J11-13
Added Pin To Net: NetName=EMU1 Pin=J11-14
Added Pin To Net: NetName=GND Pin=JP1-1
Added Pin To Net: NetName=GND Pin=JP1-1
Added Pin To Net: NetName=NetJP1_2 Pin=JP1-2
Added Pin To Net: NetName=GND Pin=JP2-1
Added Pin To Net: NetName=GND Pin=JP2-1
Added Pin To Net: NetName=RF_IN Pin=JP2-2
Added Pin To Net: NetName=GND Pin=K1-1
Added Pin To Net: NetName=NetK1_2 Pin=K1-2
Added Pin To Net: NetName=NetL1_1 Pin=L1-1
Added Pin To Net: NetName=NetC37_1 Pin=L1-2
Added Pin To Net: NetName=VDD3V3 Pin=LED1-1
Added Pin To Net: NetName=NetLED1_2 Pin=LED1-2
Added Pin To Net: NetName=VDD3V3 Pin=LED2-1
Added Pin To Net: NetName=NetLED2_2 Pin=LED2-2
Added Pin To Net: NetName=VDD3V3 Pin=LED3-1
Added Pin To Net: NetName=NetLED3_2 Pin=LED3-2
Added Pin To Net: NetName=NetLED4_1 Pin=LED4-1
Added Pin To Net: NetName=GND Pin=LED4-2
Added Pin To Net: NetName=VDD5 Pin=PTC1-1
Added Pin To Net: NetName=VDD5_PERIPH Pin=PTC1-2
Added Pin To Net: NetName=NetC27_2 Pin=Q1-1
Added Pin To Net: NetName=VDD3V3 Pin=Q1-2
Added Pin To Net: NetName=NetB1_1 Pin=Q1-3
Added Pin To Net: NetName=AGND Pin=R1-1
Added Pin To Net: NetName=NetR1_2 Pin=R1-2
Added Pin To Net: NetName=NetR2_1 Pin=R2-1
Added Pin To Net: NetName=NetLED1_2 Pin=R2-2
Added Pin To Net: NetName=NetR3_1 Pin=R3-1
Added Pin To Net: NetName=NetLED2_2 Pin=R3-2
Added Pin To Net: NetName=NetR4_1 Pin=R4-1
Added Pin To Net: NetName=NetLED3_2 Pin=R4-2
Added Pin To Net: NetName=DSP_RST Pin=R5-1
Added Pin To Net: NetName=VDD3V3 Pin=R5-2
Added Pin To Net: NetName=NetR6_1 Pin=R6-1
Added Pin To Net: NetName=NetC27_2 Pin=R6-2
Added Pin To Net: NetName=VDD3V3 Pin=R7-1
Added Pin To Net: NetName=TEMP_DQ Pin=R7-2
Added Pin To Net: NetName=NetR8_1 Pin=R8-1
Added Pin To Net: NetName=VDD3V3 Pin=R8-2
Added Pin To Net: NetName=NetR9_1 Pin=R9-1
Added Pin To Net: NetName=VDD3V3 Pin=R9-2
Added Pin To Net: NetName=CANTH Pin=R10-1
Added Pin To Net: NetName=CANTL Pin=R10-2
Added Pin To Net: NetName=VCC3V3 Pin=R11-1
Added Pin To Net: NetName=DSP_RST Pin=R11-2
Added Pin To Net: NetName=VDD3V3 Pin=R12-1
Added Pin To Net: NetName=I\S\E\N\S\O\R\_\C\S\ Pin=R12-2
Added Pin To Net: NetName=VCC3V3 Pin=R15-1
Added Pin To Net: NetName=POWER_RESET Pin=R16-1
Added Pin To Net: NetName=VDD3V3 Pin=R16-2
Added Pin To Net: NetName=NetC50_2 Pin=R17-1
Added Pin To Net: NetName=NetR17_2 Pin=R17-2
Added Pin To Net: NetName=GND Pin=R18-1
Added Pin To Net: NetName=NetR17_2 Pin=R18-2
Added Pin To Net: NetName=VDD3V3 Pin=R19-1
Added Pin To Net: NetName=NetC48_2 Pin=R19-2
Added Pin To Net: NetName=NetLED4_1 Pin=R20-1
Added Pin To Net: NetName=VDD3V3 Pin=R20-2
Added Pin To Net: NetName=VDD1V9 Pin=R21-1
Added Pin To Net: NetName=NetC50_2 Pin=R21-2
Added Pin To Net: NetName=NetK1_2 Pin=R22-1
Added Pin To Net: NetName=VDD3V3 Pin=R22-2
Added Pin To Net: NetName=NetR23_1 Pin=R23-1
Added Pin To Net: NetName=VDD3V3 Pin=R23-2
Added Pin To Net: NetName=BAT2S_VOLT Pin=R24-1
Added Pin To Net: NetName=NetFB12_1 Pin=R24-2
Added Pin To Net: NetName=NetFB12_1 Pin=R25-1
Added Pin To Net: NetName=GND Pin=R25-2
Added Pin To Net: NetName=BATT_CURRENT_SENSE Pin=R26-1
Added Pin To Net: NetName=NetFB10_2 Pin=R26-2
Added Pin To Net: NetName=BATT6S_VOLT_SENSE Pin=R27-1
Added Pin To Net: NetName=NetFB11_2 Pin=R27-2
Added Pin To Net: NetName=BATT2S_VOLT_SENSE Pin=R28-1
Added Pin To Net: NetName=NetFB12_2 Pin=R28-2
Added Pin To Net: NetName=GND Pin=R29-1
Added Pin To Net: NetName=NetFB13_1 Pin=R29-2
Added Pin To Net: NetName=NetFB13_1 Pin=R30-1
Added Pin To Net: NetName=NetR30_2 Pin=R30-2
Added Pin To Net: NetName=SKY_SPEED_SENSE Pin=R31-1
Added Pin To Net: NetName=NetFB13_2 Pin=R31-2
Added Pin To Net: NetName=NetD2_1 Pin=R32-1
Added Pin To Net: NetName=GND Pin=R32-2
Added Pin To Net: NetName=SBUS_TX Pin=R33-1
Added Pin To Net: NetName=NetD1_1 Pin=R33-2
Added Pin To Net: NetName=SBUS_RX Pin=R34-1
Added Pin To Net: NetName=NetD2_1 Pin=R34-2
Added Pin To Net: NetName=VDD3V3 Pin=R35-1
Added Pin To Net: NetName=TCK Pin=R35-2
Added Pin To Net: NetName=VDD3V3 Pin=R36-1
Added Pin To Net: NetName=EMU0 Pin=R36-2
Added Pin To Net: NetName=GND Pin=R37-1
Added Pin To Net: NetName=T\R\S\T\ Pin=R37-2
Added Pin To Net: NetName=VDD3V3 Pin=R38-1
Added Pin To Net: NetName=EMU1 Pin=R38-2
Added Pin To Net: NetName=ISENSOR_SIMO Pin=RP1-1
Added Pin To Net: NetName=ISENSOR_SOMI Pin=RP1-2
Added Pin To Net: NetName=ISENSOR_CLK Pin=RP1-3
Added Pin To Net: NetName=I\S\E\N\S\O\R\_\C\S\ Pin=RP1-4
Added Pin To Net: NetName=NetRP1_5 Pin=RP1-5
Added Pin To Net: NetName=NetRP1_6 Pin=RP1-6
Added Pin To Net: NetName=NetRP1_7 Pin=RP1-7
Added Pin To Net: NetName=NetRP1_8 Pin=RP1-8
Added Pin To Net: NetName=NetRP2_1 Pin=RP2-1
Added Pin To Net: NetName=NetRP2_2 Pin=RP2-2
Added Pin To Net: NetName=NetRP2_3 Pin=RP2-3
Added Pin To Net: NetName=NetRP2_4 Pin=RP2-4
Added Pin To Net: NetName=ISENSOR_DIO4 Pin=RP2-5
Added Pin To Net: NetName=ISENSOR_DIO3 Pin=RP2-6
Added Pin To Net: NetName=ISENSOR_DIO2 Pin=RP2-7
Added Pin To Net: NetName=ISENSOR_DIO1 Pin=RP2-8
Added Pin To Net: NetName=PWM9 Pin=RP3-1
Added Pin To Net: NetName=PWM10 Pin=RP3-2
Added Pin To Net: NetName=PWM11 Pin=RP3-3
Added Pin To Net: NetName=PWM12 Pin=RP3-4
Added Pin To Net: NetName=NetRP3_5 Pin=RP3-5
Added Pin To Net: NetName=NetRP3_6 Pin=RP3-6
Added Pin To Net: NetName=NetRP3_7 Pin=RP3-7
Added Pin To Net: NetName=NetRP3_8 Pin=RP3-8
Added Pin To Net: NetName=PWM1 Pin=RP4-1
Added Pin To Net: NetName=PWM2 Pin=RP4-2
Added Pin To Net: NetName=PWM3 Pin=RP4-3
Added Pin To Net: NetName=PWM4 Pin=RP4-4
Added Pin To Net: NetName=PWM5 Pin=RP4-5
Added Pin To Net: NetName=PWM6 Pin=RP4-6
Added Pin To Net: NetName=PWM7 Pin=RP4-7
Added Pin To Net: NetName=PWM8 Pin=RP4-8
Added Pin To Net: NetName=NetRP4_9 Pin=RP4-9
Added Pin To Net: NetName=NetRP4_10 Pin=RP4-10
Added Pin To Net: NetName=NetRP4_11 Pin=RP4-11
Added Pin To Net: NetName=NetRP4_12 Pin=RP4-12
Added Pin To Net: NetName=NetRP4_13 Pin=RP4-13
Added Pin To Net: NetName=NetRP4_14 Pin=RP4-14
Added Pin To Net: NetName=NetRP4_15 Pin=RP4-15
Added Pin To Net: NetName=NetRP4_16 Pin=RP4-16
Added Pin To Net: NetName=SCITXA Pin=RP5-1
Added Pin To Net: NetName=SCIRXA Pin=RP5-2
Added Pin To Net: NetName=SBUS_IN Pin=RP5-3
Added Pin To Net: NetName=SBUS_OUT Pin=RP5-4
Added Pin To Net: NetName=SCITXC Pin=RP5-5
Added Pin To Net: NetName=SCIRXC Pin=RP5-6
Added Pin To Net: NetName=NetRP5_11 Pin=RP5-11
Added Pin To Net: NetName=NetRP5_12 Pin=RP5-12
Added Pin To Net: NetName=NetRP5_13 Pin=RP5-13
Added Pin To Net: NetName=NetRP5_14 Pin=RP5-14
Added Pin To Net: NetName=NetRP5_15 Pin=RP5-15
Added Pin To Net: NetName=NetRP5_16 Pin=RP5-16
Added Pin To Net: NetName=V5 Pin=SW1-1
Added Pin To Net: NetName=NetFB8_1 Pin=SW1-2
Added Pin To Net: NetName=VCC3V3 Pin=TP1-1
Added Pin To Net: NetName=VDD3V3 Pin=TP2-1
Added Pin To Net: NetName=VDD1V9 Pin=TP3-1
Added Pin To Net: NetName=XCLOUT Pin=TP4-1
Added Pin To Net: NetName=BAT2S_VOLT Pin=TP5-1
Added Pin To Net: NetName=TIMEPLUS Pin=TP6-1
Added Pin To Net: NetName=BAT6S_VOLT_SENSE Pin=TP7-1
Added Pin To Net: NetName=BAT_CURRENT_SENSE Pin=TP8-1
Added Pin To Net: NetName=GND Pin=TP9-1
Added Pin To Net: NetName=GND Pin=U1-3
Added Pin To Net: NetName=VDD1V9 Pin=U1-4
Added Pin To Net: NetName=EPWM1A Pin=U1-5
Added Pin To Net: NetName=EPWM1B Pin=U1-6
Added Pin To Net: NetName=EPWM2A Pin=U1-7
Added Pin To Net: NetName=GND Pin=U1-8
Added Pin To Net: NetName=VDD3V3 Pin=U1-9
Added Pin To Net: NetName=EPWM2B Pin=U1-10
Added Pin To Net: NetName=EPWM3A Pin=U1-11
Added Pin To Net: NetName=EPWM3B Pin=U1-12
Added Pin To Net: NetName=EPWM4A Pin=U1-13
Added Pin To Net: NetName=GND Pin=U1-14
Added Pin To Net: NetName=VDD1V9 Pin=U1-15
Added Pin To Net: NetName=EPWM4B Pin=U1-16
Added Pin To Net: NetName=EPWM5A Pin=U1-17
Added Pin To Net: NetName=EPWM5B Pin=U1-18
Added Pin To Net: NetName=EPWM6A Pin=U1-19
Added Pin To Net: NetName=EPWM6B Pin=U1-20
Added Pin To Net: NetName=CANTXB Pin=U1-21
Added Pin To Net: NetName=GND Pin=U1-22
Added Pin To Net: NetName=VDD1V9 Pin=U1-23
Added Pin To Net: NetName=CANRXB Pin=U1-24
Added Pin To Net: NetName=SCITXDB Pin=U1-25
Added Pin To Net: NetName=SCIRXDB Pin=U1-26
Added Pin To Net: NetName=VDD1V9 Pin=U1-29
Added Pin To Net: NetName=GND Pin=U1-30
Added Pin To Net: NetName=VDD1V9 Pin=U1-31
Added Pin To Net: NetName=AGND Pin=U1-32
Added Pin To Net: NetName=AGND Pin=U1-33
Added Pin To Net: NetName=VDD3V3 Pin=U1-34
Added Pin To Net: NetName=SKY_SPEED_SENSE Pin=U1-39
Added Pin To Net: NetName=BATT2S_VOLT_SENSE Pin=U1-40
Added Pin To Net: NetName=BATT_CURRENT_SENSE Pin=U1-41
Added Pin To Net: NetName=BATT6S_VOLT_SENSE Pin=U1-42
Added Pin To Net: NetName=AGND Pin=U1-43
Added Pin To Net: NetName=AGND Pin=U1-44
Added Pin To Net: NetName=VDD3V3 Pin=U1-45
Added Pin To Net: NetName=NetC24_1 Pin=U1-55
Added Pin To Net: NetName=NetC23_1 Pin=U1-56
Added Pin To Net: NetName=NetR1_2 Pin=U1-57
Added Pin To Net: NetName=AGND Pin=U1-58
Added Pin To Net: NetName=VDD1V9 Pin=U1-59
Added Pin To Net: NetName=GND Pin=U1-60
Added Pin To Net: NetName=VDD1V9 Pin=U1-61
Added Pin To Net: NetName=GPS_MOSI Pin=U1-64
Added Pin To Net: NetName=GPS_MISO Pin=U1-65
Added Pin To Net: NetName=GPS_SLK Pin=U1-66
Added Pin To Net: NetName=GPS_C\S\ Pin=U1-67
Added Pin To Net: NetName=NetRP1_8 Pin=U1-68
Added Pin To Net: NetName=NetRP1_7 Pin=U1-69
Added Pin To Net: NetName=GND Pin=U1-70
Added Pin To Net: NetName=VDD3V3 Pin=U1-71
Added Pin To Net: NetName=NetRP1_6 Pin=U1-72
Added Pin To Net: NetName=NetRP1_5 Pin=U1-73
Added Pin To Net: NetName=SDAA Pin=U1-74
Added Pin To Net: NetName=SCLA Pin=U1-75
Added Pin To Net: NetName=TDI Pin=U1-76
Added Pin To Net: NetName=TDO\ Pin=U1-77
Added Pin To Net: NetName=T\R\S\T\ Pin=U1-78
Added Pin To Net: NetName=TMS Pin=U1-79
Added Pin To Net: NetName=DSP_RST Pin=U1-80
Added Pin To Net: NetName=GND Pin=U1-83
Added Pin To Net: NetName=VDD3V3 Pin=U1-84
Added Pin To Net: NetName=EMU0 Pin=U1-85
Added Pin To Net: NetName=EMU1 Pin=U1-86
Added Pin To Net: NetName=TCK Pin=U1-87
Added Pin To Net: NetName=ECAP5 Pin=U1-88
Added Pin To Net: NetName=ECAP6 Pin=U1-89
Added Pin To Net: NetName=GND Pin=U1-92
Added Pin To Net: NetName=VDD3V3 Pin=U1-93
Added Pin To Net: NetName=SDCARD_MOSI Pin=U1-96
Added Pin To Net: NetName=SDCARD_MISO Pin=U1-97
Added Pin To Net: NetName=SDCARD_SCLK Pin=U1-98
Added Pin To Net: NetName=SDCARD_CS Pin=U1-99
Added Pin To Net: NetName=VDD1V9 Pin=U1-101
Added Pin To Net: NetName=NetC26_2 Pin=U1-102
Added Pin To Net: NetName=GND Pin=U1-103
Added Pin To Net: NetName=NetC25_2 Pin=U1-104
Added Pin To Net: NetName=GND Pin=U1-105
Added Pin To Net: NetName=GND Pin=U1-106
Added Pin To Net: NetName=VDD3V3 Pin=U1-107
Added Pin To Net: NetName=GND Pin=U1-108
Added Pin To Net: NetName=VDD1V9 Pin=U1-109
Added Pin To Net: NetName=SCIRXDC Pin=U1-113
Added Pin To Net: NetName=SCITXDC Pin=U1-114
Added Pin To Net: NetName=VDD1V9 Pin=U1-117
Added Pin To Net: NetName=GND Pin=U1-118
Added Pin To Net: NetName=GND Pin=U1-120
Added Pin To Net: NetName=VDD3V3 Pin=U1-121
Added Pin To Net: NetName=GND Pin=U1-125
Added Pin To Net: NetName=VDD1V9 Pin=U1-126
Added Pin To Net: NetName=NetR6_1 Pin=U1-130
Added Pin To Net: NetName=V\D\D\5\_\P\E\R\I\P\H\_\C\E\ Pin=U1-133
Added Pin To Net: NetName=V\D\D\5\_\P\E\R\I\P\H\_\F\A\U\L\T\ Pin=U1-134
Added Pin To Net: NetName=S\B\U\S\_\E\N\ Pin=U1-135
Added Pin To Net: NetName=CANSTB Pin=U1-136
Added Pin To Net: NetName=XCLOUT Pin=U1-138
Added Pin To Net: NetName=VDD1V9 Pin=U1-139
Added Pin To Net: NetName=GND Pin=U1-140
Added Pin To Net: NetName=VDD3V3 Pin=U1-143
Added Pin To Net: NetName=GND Pin=U1-144
Added Pin To Net: NetName=SCIRXDA Pin=U1-145
Added Pin To Net: NetName=VDD1V9 Pin=U1-146
Added Pin To Net: NetName=GND Pin=U1-147
Added Pin To Net: NetName=SCITXDA Pin=U1-148
Added Pin To Net: NetName=VDD1V9 Pin=U1-154
Added Pin To Net: NetName=GND Pin=U1-155
Added Pin To Net: NetName=TEMP_DQ Pin=U1-157
Added Pin To Net: NetName=VDD3V3 Pin=U1-159
Added Pin To Net: NetName=GND Pin=U1-160
Added Pin To Net: NetName=NetRP2_1 Pin=U1-161
Added Pin To Net: NetName=NetRP2_2 Pin=U1-162
Added Pin To Net: NetName=NetRP2_3 Pin=U1-163
Added Pin To Net: NetName=NetRP2_4 Pin=U1-164
Added Pin To Net: NetName=GND Pin=U1-166
Added Pin To Net: NetName=VDD1V9 Pin=U1-167
Added Pin To Net: NetName=VDD3V3 Pin=U1-170
Added Pin To Net: NetName=GND Pin=U1-171
Added Pin To Net: NetName=NetR2_1 Pin=U1-172
Added Pin To Net: NetName=NetR3_1 Pin=U1-173
Added Pin To Net: NetName=NetR4_1 Pin=U1-174
Added Pin To Net: NetName=GND Pin=U2-1
Added Pin To Net: NetName=TEMP_DQ Pin=U2-2
Added Pin To Net: NetName=VDD3V3 Pin=U2-3
Added Pin To Net: NetName=VDD3V3 Pin=U3-1
Added Pin To Net: NetName=NetRP4_16 Pin=U3-2
Added Pin To Net: NetName=NetRP4_15 Pin=U3-3
Added Pin To Net: NetName=NetRP4_14 Pin=U3-4
Added Pin To Net: NetName=NetRP4_13 Pin=U3-5
Added Pin To Net: NetName=NetRP4_12 Pin=U3-6
Added Pin To Net: NetName=NetRP4_11 Pin=U3-7
Added Pin To Net: NetName=NetRP4_10 Pin=U3-8
Added Pin To Net: NetName=NetRP4_9 Pin=U3-9
Added Pin To Net: NetName=GND Pin=U3-10
Added Pin To Net: NetName=EPWM4B Pin=U3-11
Added Pin To Net: NetName=EPWM4A Pin=U3-12
Added Pin To Net: NetName=EPWM3B Pin=U3-13
Added Pin To Net: NetName=EPWM3A Pin=U3-14
Added Pin To Net: NetName=EPWM2B Pin=U3-15
Added Pin To Net: NetName=EPWM2A Pin=U3-16
Added Pin To Net: NetName=EPWM1B Pin=U3-17
Added Pin To Net: NetName=EPWM1A Pin=U3-18
Added Pin To Net: NetName=GND Pin=U3-19
Added Pin To Net: NetName=VDD3V3 Pin=U3-20
Added Pin To Net: NetName=VDD3V3 Pin=U4-1
Added Pin To Net: NetName=NetRP3_8 Pin=U4-2
Added Pin To Net: NetName=NetRP3_7 Pin=U4-3
Added Pin To Net: NetName=NetRP3_6 Pin=U4-4
Added Pin To Net: NetName=NetRP3_5 Pin=U4-5
Added Pin To Net: NetName=GND Pin=U4-6
Added Pin To Net: NetName=GND Pin=U4-7
Added Pin To Net: NetName=GND Pin=U4-8
Added Pin To Net: NetName=GND Pin=U4-9
Added Pin To Net: NetName=GND Pin=U4-10
Added Pin To Net: NetName=EPWM6B Pin=U4-15
Added Pin To Net: NetName=EPWM6A Pin=U4-16
Added Pin To Net: NetName=EPWM5B Pin=U4-17
Added Pin To Net: NetName=EPWM5A Pin=U4-18
Added Pin To Net: NetName=GND Pin=U4-19
Added Pin To Net: NetName=VDD3V3 Pin=U4-20
Added Pin To Net: NetName=VDD5 Pin=U5-1
Added Pin To Net: NetName=CAP1 Pin=U5-2
Added Pin To Net: NetName=CAP2 Pin=U5-3
Added Pin To Net: NetName=GND Pin=U5-4
Added Pin To Net: NetName=NetR8_1 Pin=U5-5
Added Pin To Net: NetName=ECAP6 Pin=U5-6
Added Pin To Net: NetName=ECAP5 Pin=U5-7
Added Pin To Net: NetName=VDD3V3 Pin=U5-8
Added Pin To Net: NetName=VDD5 Pin=U6-1
Added Pin To Net: NetName=SDA Pin=U6-2
Added Pin To Net: NetName=SCL Pin=U6-3
Added Pin To Net: NetName=GND Pin=U6-4
Added Pin To Net: NetName=NetR9_1 Pin=U6-5
Added Pin To Net: NetName=SCLA Pin=U6-6
Added Pin To Net: NetName=SDAA Pin=U6-7
Added Pin To Net: NetName=VDD3V3 Pin=U6-8
Added Pin To Net: NetName=SDCARD_CS Pin=U7-2
Added Pin To Net: NetName=SDCARD_MOSI Pin=U7-3
Added Pin To Net: NetName=VCC3V3 Pin=U7-4
Added Pin To Net: NetName=SDCARD_SCLK Pin=U7-5
Added Pin To Net: NetName=GND Pin=U7-6
Added Pin To Net: NetName=SDCARD_MISO Pin=U7-7
Added Pin To Net: NetName=GND Pin=U7-10
Added Pin To Net: NetName=GND Pin=U7-10
Added Pin To Net: NetName=GND Pin=U7-10
Added Pin To Net: NetName=GND Pin=U7-10
Added Pin To Net: NetName=CANTXA Pin=U8-1
Added Pin To Net: NetName=GND Pin=U8-2
Added Pin To Net: NetName=VDD5 Pin=U8-3
Added Pin To Net: NetName=CANRXA Pin=U8-4
Added Pin To Net: NetName=VDD3V3 Pin=U8-5
Added Pin To Net: NetName=CANTL Pin=U8-6
Added Pin To Net: NetName=CANTH Pin=U8-7
Added Pin To Net: NetName=CANSTB Pin=U8-8
Added Pin To Net: NetName=GND Pin=U9-1
Added Pin To Net: NetName=VCC_RF Pin=U9-2
Added Pin To Net: NetName=NetJP1_2 Pin=U9-3
Added Pin To Net: NetName=GND Pin=U9-4
Added Pin To Net: NetName=NetL1_1 Pin=U9-5
Added Pin To Net: NetName=LAN_EN Pin=U9-6
Added Pin To Net: NetName=GND Pin=U10-2
Added Pin To Net: NetName=TIMEPLUS Pin=U10-3
Added Pin To Net: NetName=GND Pin=U10-7
Added Pin To Net: NetName=DSP_RST Pin=U10-8
Added Pin To Net: NetName=VCC_RF Pin=U10-9
Added Pin To Net: NetName=GND Pin=U10-10
Added Pin To Net: NetName=RF_IN Pin=U10-11
Added Pin To Net: NetName=GND Pin=U10-12
Added Pin To Net: NetName=GND Pin=U10-13
Added Pin To Net: NetName=LAN_EN Pin=U10-14
Added Pin To Net: NetName=GPS_C\S\ Pin=U10-18
Added Pin To Net: NetName=GPS_SLK Pin=U10-19
Added Pin To Net: NetName=GPS_MISO Pin=U10-20
Added Pin To Net: NetName=GPS_MOSI Pin=U10-21
Added Pin To Net: NetName=VCC3V3 Pin=U10-23
Added Pin To Net: NetName=GND Pin=U10-24
Added Pin To Net: NetName=GND Pin=U11-1
Added Pin To Net: NetName=VDD5 Pin=U11-3
Added Pin To Net: NetName=GND Pin=U13-3
Added Pin To Net: NetName=GND Pin=U13-4
Added Pin To Net: NetName=VDD5 Pin=U13-5
Added Pin To Net: NetName=VDD5 Pin=U13-6
Added Pin To Net: NetName=GND Pin=U13-9
Added Pin To Net: NetName=GND Pin=U13-10
Added Pin To Net: NetName=VDD5 Pin=U13-11
Added Pin To Net: NetName=VDD5 Pin=U13-12
Added Pin To Net: NetName=NetC48_2 Pin=U13-17
Added Pin To Net: NetName=NetC48_2 Pin=U13-18
Added Pin To Net: NetName=POWER_RESET Pin=U13-22
Added Pin To Net: NetName=NetC50_2 Pin=U13-23
Added Pin To Net: NetName=NetC50_2 Pin=U13-24
Added Pin To Net: NetName=NetR17_2 Pin=U13-25
Added Pin To Net: NetName=POWER_RESET Pin=U13-28
Added Pin To Net: NetName=GND Pin=U13-29
Added Pin To Net: NetName=GND Pin=U14-1
Added Pin To Net: NetName=NetU14_2 Pin=U14-2
Added Pin To Net: NetName=NetK1_2 Pin=U14-3
Added Pin To Net: NetName=VDD3V3 Pin=U14-4
Added Pin To Net: NetName=GND Pin=U15-1
Added Pin To Net: NetName=GND Pin=U15-2
Added Pin To Net: NetName=GND Pin=U15-4
Added Pin To Net: NetName=GND Pin=U15-5
Added Pin To Net: NetName=GND Pin=U15-7
Added Pin To Net: NetName=NetU15_8 Pin=U15-8
Added Pin To Net: NetName=POWER_RESET Pin=U15-9
Added Pin To Net: NetName=NetR23_1 Pin=U15-10
Added Pin To Net: NetName=DSP_RST Pin=U15-11
Added Pin To Net: NetName=NetU15_8 Pin=U15-12
Added Pin To Net: NetName=NetU14_2 Pin=U15-13
Added Pin To Net: NetName=VDD3V3 Pin=U15-14
Added Pin To Net: NetName=VDD5 Pin=U16-2
Added Pin To Net: NetName=GND Pin=U16-3
Added Pin To Net: NetName=NetR30_2 Pin=U16-4
Added Pin To Net: NetName=GND Pin=U17-1
Added Pin To Net: NetName=NetD1_1 Pin=U17-2
Added Pin To Net: NetName=NetD2_1 Pin=U17-3
Added Pin To Net: NetName=GND Pin=U17-4
Added Pin To Net: NetName=SBUS_OUT Pin=U17-5
Added Pin To Net: NetName=SBUS_IN Pin=U17-6
Added Pin To Net: NetName=S\B\U\S\_\E\N\ Pin=U17-7
Added Pin To Net: NetName=VDD3V3 Pin=U17-8
Added Pin To Net: NetName=VDD3V3 Pin=U18-1
Added Pin To Net: NetName=VDD3V3 Pin=U18-2
Added Pin To Net: NetName=NetRP5_16 Pin=U18-3
Added Pin To Net: NetName=NetRP5_15 Pin=U18-4
Added Pin To Net: NetName=NetRP5_14 Pin=U18-5
Added Pin To Net: NetName=NetRP5_13 Pin=U18-6
Added Pin To Net: NetName=NetRP5_12 Pin=U18-7
Added Pin To Net: NetName=NetRP5_11 Pin=U18-8
Added Pin To Net: NetName=GND Pin=U18-11
Added Pin To Net: NetName=GND Pin=U18-12
Added Pin To Net: NetName=GND Pin=U18-13
Added Pin To Net: NetName=SCIRXDC Pin=U18-16
Added Pin To Net: NetName=SCITXDC Pin=U18-17
Added Pin To Net: NetName=SCITXDB Pin=U18-18
Added Pin To Net: NetName=SCIRXDB Pin=U18-19
Added Pin To Net: NetName=SCIRXDA Pin=U18-20
Added Pin To Net: NetName=SCITXDA Pin=U18-21
Added Pin To Net: NetName=GND Pin=U18-22
Added Pin To Net: NetName=VDD3V3 Pin=U18-23
Added Pin To Net: NetName=VDD3V3 Pin=U18-24
Added Pin To Net: NetName=GND Pin=VDR1-1
Added Pin To Net: NetName=NetFB1_1 Pin=VDR1-2
Added Pin To Net: NetName=GND Pin=VDR2-1
Added Pin To Net: NetName=NetFB3_1 Pin=VDR2-2
Added Pin To Net: NetName=GND Pin=VDR3-1
Added Pin To Net: NetName=NetFB4_1 Pin=VDR3-2
Added Pin To Net: NetName=GND Pin=VDR4-1
Added Pin To Net: NetName=NetFB2_1 Pin=VDR4-2
Added Pin To Net: NetName=GND Pin=VDR5-1
Added Pin To Net: NetName=NetFB5_1 Pin=VDR5-2
Added Pin To Net: NetName=NetFB6_1 Pin=VDR6-1
Added Pin To Net: NetName=GND Pin=VDR6-2
Added Pin To Net: NetName=GND Pin=VDR7-1
Added Pin To Net: NetName=NetFB7_1 Pin=VDR7-2
Added Pin To Net: NetName=GND Pin=VDR8-1
Added Pin To Net: NetName=VDD5 Pin=VDR8-2
Added Pin To Net: NetName=GND Pin=VDR9-1
Added Pin To Net: NetName=VDD5 Pin=VDR9-2
Added Pin To Net: NetName=NetC26_2 Pin=Y1-1
Added Pin To Net: NetName=NetC25_2 Pin=Y1-2
Added Pin To Net: NetName=NetC45_1 Pin=C45-1
Added Pin To Net: NetName=NetC45_1 Pin=C47-2
Added Pin To Net: NetName=NetC45_1 Pin=R15-2
Added Pin To Net: NetName=NetC45_1 Pin=U11-2
Added Net: Name=NetC45_1
Added Member To Class: ClassName=F28335 Member=Component B1 BUZZER
Added Member To Class: ClassName=F28335 Member=Component C1 0.1uF
Added Member To Class: ClassName=F28335 Member=Component C2 0.1uF
Added Member To Class: ClassName=F28335 Member=Component C3 0.1uF
Added Member To Class: ClassName=F28335 Member=Component C4 0.1uF
Added Member To Class: ClassName=F28335 Member=Component C5 0.1uF
Added Member To Class: ClassName=F28335 Member=Component C6 0.1uF
Added Member To Class: ClassName=F28335 Member=Component C7 0.1uF
Added Member To Class: ClassName=F28335 Member=Component C8 0.1uF
Added Member To Class: ClassName=F28335 Member=Component C9 0.1uF
Added Member To Class: ClassName=F28335 Member=Component C10 0.1uF
Added Member To Class: ClassName=F28335 Member=Component C11 0.1uF
Added Member To Class: ClassName=F28335 Member=Component C12 0.1uF
Added Member To Class: ClassName=F28335 Member=Component C13 0.1uF
Added Member To Class: ClassName=F28335 Member=Component C14 0.1uF
Added Member To Class: ClassName=F28335 Member=Component C15 0.1uF
Added Member To Class: ClassName=F28335 Member=Component C16 0.1uF
Added Member To Class: ClassName=F28335 Member=Component C17 0.1uF
Added Member To Class: ClassName=F28335 Member=Component C18 0.1uF
Added Member To Class: ClassName=F28335 Member=Component C19 0.1uF
Added Member To Class: ClassName=F28335 Member=Component C20 0.1uF
Added Member To Class: ClassName=F28335 Member=Component C21 0.1uF
Added Member To Class: ClassName=F28335 Member=Component C22 0.1uF
Added Member To Class: ClassName=F28335 Member=Component C23 2.2uF
Added Member To Class: ClassName=F28335 Member=Component C24 2.2uF
Added Member To Class: ClassName=F28335 Member=Component C25 24pF
Added Member To Class: ClassName=F28335 Member=Component C26 24pF
Added Member To Class: ClassName=F28335 Member=Component C27 0.1uF
Added Member To Class: ClassName=F28335 Member=Component C28 0.1uF
Added Member To Class: ClassName=PWM&CAN&SD Member=Component C29 0.1uF
Added Member To Class: ClassName=PWM&CAN&SD Member=Component C30 0.1uF
Added Member To Class: ClassName=PWM&CAN&SD Member=Component C31 0.1uF
Added Member To Class: ClassName=PWM&CAN&SD Member=Component C32 0.1uF
Added Member To Class: ClassName=PWM&CAN&SD Member=Component C33 0.1uF
Added Member To Class: ClassName=PWM&CAN&SD Member=Component C34 0.1uF
Added Member To Class: ClassName=PWM&CAN&SD Member=Component C35 0.1uF
Added Member To Class: ClassName=PWM&CAN&SD Member=Component C36 0.1uF
Added Member To Class: ClassName=GPS Member=Component C37 1nF
Added Member To Class: ClassName=GPS Member=Component C38 0.1uF
Added Member To Class: ClassName=GPS Member=Component C39 0.1uF
Added Member To Class: ClassName=GPS Member=Component C40 0.1uF
Added Member To Class: ClassName=POWER Member=Component C41 470uF/16V
Added Member To Class: ClassName=POWER Member=Component C42 0.1uF
Added Member To Class: ClassName=POWER Member=Component C43 0.1uF
Added Member To Class: ClassName=POWER Member=Component C44 10uF
Added Member To Class: ClassName=POWER Member=Component C45 22uF/6.3V
Added Member To Class: ClassName=POWER Member=Component C47 0.1uF
Added Member To Class: ClassName=POWER Member=Component C48 0.1uF
Added Member To Class: ClassName=POWER Member=Component C49 10uF
Added Member To Class: ClassName=POWER Member=Component C50 0.1uF
Added Member To Class: ClassName=POWER Member=Component C51 10uF
Added Member To Class: ClassName=POWER Member=Component C52 0.1uF
Added Member To Class: ClassName=AD Member=Component C53 0.1uF
Added Member To Class: ClassName=UART&SBUS&JTAG Member=Component C54 0.1uF
Added Member To Class: ClassName=UART&SBUS&JTAG Member=Component C55 0.1uF
Added Member To Class: ClassName=UART&SBUS&JTAG Member=Component C56 0.1uF
Added Member To Class: ClassName=UART&SBUS&JTAG Member=Component D1 82306050029
Added Member To Class: ClassName=UART&SBUS&JTAG Member=Component D2 82306050029
Added Member To Class: ClassName=IO Member=Component FB1 742792625
Added Member To Class: ClassName=IO Member=Component FB2 742792625
Added Member To Class: ClassName=IO Member=Component FB3 742792625
Added Member To Class: ClassName=IO Member=Component FB4 742792625
Added Member To Class: ClassName=IO Member=Component FB5 742792625
Added Member To Class: ClassName=IO Member=Component FB6 742792625
Added Member To Class: ClassName=IO Member=Component FB7 742792625
Added Member To Class: ClassName=POWER Member=Component FB8 742792625
Added Member To Class: ClassName=POWER Member=Component FB9 742792625
Added Member To Class: ClassName=AD Member=Component FB10 742792625
Added Member To Class: ClassName=AD Member=Component FB11 742792625
Added Member To Class: ClassName=AD Member=Component FB12 742792625
Added Member To Class: ClassName=AD Member=Component FB13 742792625
Added Member To Class: ClassName=IO Member=Component J1 HEAD3X12
Added Member To Class: ClassName=IO Member=Component J2 POWER_5V
Added Member To Class: ClassName=IO Member=Component J3 iSensor
Added Member To Class: ClassName=IO Member=Component J4 UART
Added Member To Class: ClassName=IO Member=Component J5 I2C
Added Member To Class: ClassName=IO Member=Component J6 UART
Added Member To Class: ClassName=IO Member=Component J7 UART
Added Member To Class: ClassName=IO Member=Component J8 CAP1
Added Member To Class: ClassName=IO Member=Component J9 UART
Added Member To Class: ClassName=IO Member=Component J10 CAP2
Added Member To Class: ClassName=UART&SBUS&JTAG Member=Component J11 JTAG
Added Member To Class: ClassName=GPS Member=Component JP1 ANTINA(NC)
Added Member To Class: ClassName=GPS Member=Component JP2 ANTINA(NC)
Added Member To Class: ClassName=POWER Member=Component K1 RESET_Key
Added Member To Class: ClassName=GPS Member=Component L1 7.5nH/LQP18M
Added Member To Class: ClassName=F28335 Member=Component LED1 RED
Added Member To Class: ClassName=F28335 Member=Component LED2 GRREN
Added Member To Class: ClassName=F28335 Member=Component LED3 BLUE
Added Member To Class: ClassName=POWER Member=Component LED4 LED
Added Member To Class: ClassName=POWER Member=Component PTC1 0ZCH0150FF2E
Added Member To Class: ClassName=F28335 Member=Component Q1 8550
Added Member To Class: ClassName=F28335 Member=Component R1 24.9K/1%
Added Member To Class: ClassName=F28335 Member=Component R2 1K
Added Member To Class: ClassName=F28335 Member=Component R3 1K
Added Member To Class: ClassName=F28335 Member=Component R4 1K
Added Member To Class: ClassName=F28335 Member=Component R5 10K
Added Member To Class: ClassName=F28335 Member=Component R6 1K
Added Member To Class: ClassName=F28335 Member=Component R7 10K
Added Member To Class: ClassName=PWM&CAN&SD Member=Component R8 10K
Added Member To Class: ClassName=PWM&CAN&SD Member=Component R9 10K
Added Member To Class: ClassName=PWM&CAN&SD Member=Component R10 120
Added Member To Class: ClassName=GPS Member=Component R11 10K
Added Member To Class: ClassName=IO Member=Component R12 10K
Added Member To Class: ClassName=POWER Member=Component R15 0
Added Member To Class: ClassName=POWER Member=Component R16 10K
Added Member To Class: ClassName=POWER Member=Component R17 18.2K/1%
Added Member To Class: ClassName=POWER Member=Component R18 30.1K/1%
Added Member To Class: ClassName=POWER Member=Component R19 0
Added Member To Class: ClassName=POWER Member=Component R20 10K
Added Member To Class: ClassName=POWER Member=Component R21 0
Added Member To Class: ClassName=POWER Member=Component R22 10K
Added Member To Class: ClassName=POWER Member=Component R23 10K
Added Member To Class: ClassName=AD Member=Component R24 2K/0.1%
Added Member To Class: ClassName=AD Member=Component R25 1K/0.1%
Added Member To Class: ClassName=AD Member=Component R26 10K/0.1%
Added Member To Class: ClassName=AD Member=Component R27 10K/0.1%
Added Member To Class: ClassName=AD Member=Component R28 10K/0.1%
Added Member To Class: ClassName=AD Member=Component R29 1K/0.1%
Added Member To Class: ClassName=AD Member=Component R30 667/0.1%
Added Member To Class: ClassName=AD Member=Component R31 10K/0.1%
Added Member To Class: ClassName=UART&SBUS&JTAG Member=Component R32 10K
Added Member To Class: ClassName=UART&SBUS&JTAG Member=Component R33 220
Added Member To Class: ClassName=UART&SBUS&JTAG Member=Component R34 220
Added Member To Class: ClassName=UART&SBUS&JTAG Member=Component R35 10K
Added Member To Class: ClassName=UART&SBUS&JTAG Member=Component R36 10K
Added Member To Class: ClassName=UART&SBUS&JTAG Member=Component R37 10K
Added Member To Class: ClassName=UART&SBUS&JTAG Member=Component R38 10K
Added Member To Class: ClassName=F28335 Member=Component RP1 YC164/220
Added Member To Class: ClassName=F28335 Member=Component RP2 YC164/220
Added Member To Class: ClassName=PWM&CAN&SD Member=Component RP3 YC164/220
Added Member To Class: ClassName=PWM&CAN&SD Member=Component RP4 YC248/220
Added Member To Class: ClassName=UART&SBUS&JTAG Member=Component RP5 YC248/120
Added Member To Class: ClassName=POWER Member=Component SW1 SW_POWER
Added Member To Class: ClassName=IO Member=Component TP1 PAD
Added Member To Class: ClassName=IO Member=Component TP2 PAD
Added Member To Class: ClassName=IO Member=Component TP3 PAD
Added Member To Class: ClassName=IO Member=Component TP4 PAD
Added Member To Class: ClassName=IO Member=Component TP5 PAD
Added Member To Class: ClassName=IO Member=Component TP6 PAD
Added Member To Class: ClassName=IO Member=Component TP7 PAD
Added Member To Class: ClassName=IO Member=Component TP8 PAD
Added Member To Class: ClassName=IO Member=Component TP9 PAD
Added Member To Class: ClassName=F28335 Member=Component U1 TMS320F28335
Added Member To Class: ClassName=F28335 Member=Component U2 DS18B20
Added Member To Class: ClassName=PWM&CAN&SD Member=Component U3 74HC245
Added Member To Class: ClassName=PWM&CAN&SD Member=Component U4 74HC245
Added Member To Class: ClassName=PWM&CAN&SD Member=Component U5 NLSX4373
Added Member To Class: ClassName=PWM&CAN&SD Member=Component U6 NLSX4373
Added Member To Class: ClassName=PWM&CAN&SD Member=Component U7 MICROSD_SPI
Added Member To Class: ClassName=PWM&CAN&SD Member=Component U8 MC33901
Added Member To Class: ClassName=GPS Member=Component U9 BGA725L6
Added Member To Class: ClassName=GPS Member=Component U10 ubox-M8N
Added Member To Class: ClassName=POWER Member=Component U11 AMS1117-3.3V
Added Member To Class: ClassName=POWER Member=Component U13 TPS767D301
Added Member To Class: ClassName=POWER Member=Component U14 IMP811
Added Member To Class: ClassName=POWER Member=Component U15 74HC08D
Added Member To Class: ClassName=AD Member=Component U16 MPXV7002DP
Added Member To Class: ClassName=UART&SBUS&JTAG Member=Component U17 74LVC2G240
Added Member To Class: ClassName=UART&SBUS&JTAG Member=Component U18 74LVC4245A
Added Member To Class: ClassName=IO Member=Component VDR1 82536040
Added Member To Class: ClassName=IO Member=Component VDR2 82536040
Added Member To Class: ClassName=IO Member=Component VDR3 82536040
Added Member To Class: ClassName=IO Member=Component VDR4 82536040
Added Member To Class: ClassName=IO Member=Component VDR5 82536040
Added Member To Class: ClassName=IO Member=Component VDR6 82536040
Added Member To Class: ClassName=IO Member=Component VDR7 82536040
Added Member To Class: ClassName=POWER Member=Component VDR8 82536040
Added Member To Class: ClassName=UART&SBUS&JTAG Member=Component VDR9 82536040
Added Member To Class: ClassName=F28335 Member=Component Y1 30M
Added Room: Name=AD
Added Room: Name=F28335
Added Room: Name=GPS
Added Room: Name=IO
Added Room: Name=POWER
Added Room: Name=PWM&CAN&SD
Added Room: Name=UART&SBUS&JTAG
