Removed Pin From Net: NetName=GND Pin=C25-1
Removed Pin From Net: NetName=RF_IN Pin=C37-2
Removed Pin From Net: NetName=VCC_RF Pin=C38-1
Removed Pin From Net: NetName=GND Pin=C38-2
Removed Pin From Net: NetName=VDD5 Pin=C41-1
Removed Pin From Net: NetName=GND Pin=C41-2
Removed Pin From Net: NetName=GND Pin=C42-1
Removed Pin From Net: NetName=VDD5 Pin=C42-2
Removed Pin From Net: NetName=GND Pin=C45-2
Removed Pin From Net: NetName=GND Pin=C47-1
Removed Pin From Net: NetName=VCC3V3 Pin=FB1-2
Removed Pin From Net: NetName=VCC3V3 Pin=FB9-1
Removed Pin From Net: NetName=VCC_RF Pin=FB9-2
Removed Pin From Net: NetName=BAT2S_VOLT Pin=J1-2
Removed Pin From Net: NetName=GND Pin=J1-3
Removed Pin From Net: NetName=PWM2 Pin=J1-4
Removed Pin From Net: NetName=BAT2S_VOLT Pin=J1-5
Removed Pin From Net: NetName=GND Pin=J1-6
Removed Pin From Net: NetName=PWM3 Pin=J1-7
Removed Pin From Net: NetName=BAT2S_VOLT Pin=J1-8
Removed Pin From Net: NetName=GND Pin=J1-9
Removed Pin From Net: NetName=PWM4 Pin=J1-10
Removed Pin From Net: NetName=BAT2S_VOLT Pin=J1-11
Removed Pin From Net: NetName=GND Pin=J1-12
Removed Pin From Net: NetName=PWM5 Pin=J1-13
Removed Pin From Net: NetName=BAT2S_VOLT Pin=J1-14
Removed Pin From Net: NetName=GND Pin=J1-15
Removed Pin From Net: NetName=PWM6 Pin=J1-16
Removed Pin From Net: NetName=BAT2S_VOLT Pin=J1-17
Removed Pin From Net: NetName=GND Pin=J1-18
Removed Pin From Net: NetName=PWM7 Pin=J1-19
Removed Pin From Net: NetName=BAT2S_VOLT Pin=J1-20
Removed Pin From Net: NetName=GND Pin=J1-21
Removed Pin From Net: NetName=PWM8 Pin=J1-22
Removed Pin From Net: NetName=BAT2S_VOLT Pin=J1-23
Removed Pin From Net: NetName=GND Pin=J1-24
Removed Pin From Net: NetName=PWM9 Pin=J1-25
Removed Pin From Net: NetName=BAT2S_VOLT Pin=J1-26
Removed Pin From Net: NetName=GND Pin=J1-27
Removed Pin From Net: NetName=PWM10 Pin=J1-28
Removed Pin From Net: NetName=BAT2S_VOLT Pin=J1-29
Removed Pin From Net: NetName=GND Pin=J1-30
Removed Pin From Net: NetName=PWM11 Pin=J1-31
Removed Pin From Net: NetName=BAT2S_VOLT Pin=J1-32
Removed Pin From Net: NetName=GND Pin=J1-33
Removed Pin From Net: NetName=PWM12 Pin=J1-34
Removed Pin From Net: NetName=BAT2S_VOLT Pin=J1-35
Removed Pin From Net: NetName=GND Pin=J1-36
Removed Pin From Net: NetName=SBUS_TX Pin=J1-37
Removed Pin From Net: NetName=GND Pin=J1-39
Removed Pin From Net: NetName=V5 Pin=J2-1
Removed Pin From Net: NetName=V5 Pin=J2-2
Removed Pin From Net: NetName=BAT_CURRENT_SENSE Pin=J2-3
Removed Pin From Net: NetName=BAT6S_VOLT_SENSE Pin=J2-4
Removed Pin From Net: NetName=GND Pin=J2-5
Removed Pin From Net: NetName=GND Pin=J2-6
Removed Pin From Net: NetName=DSP_RST Pin=J3-1
Removed Pin From Net: NetName=I\S\E\N\S\O\R\_\C\S\ Pin=J3-6
Removed Pin From Net: NetName=ISENSOR_CLK Pin=J3-7
Removed Pin From Net: NetName=ISENSOR_SIMO Pin=J3-8
Removed Pin From Net: NetName=ISENSOR_SOMI Pin=J3-9
Removed Pin From Net: NetName=GND Pin=J3-10
Removed Pin From Net: NetName=CANTH Pin=J4-2
Removed Pin From Net: NetName=CANTL Pin=J4-3
Removed Pin From Net: NetName=GND Pin=J4-4
Removed Pin From Net: NetName=SDA Pin=J5-1
Removed Pin From Net: NetName=SCL Pin=J5-2
Removed Pin From Net: NetName=GND Pin=J5-4
Removed Pin From Net: NetName=SCIRXC Pin=J6-1
Removed Pin From Net: NetName=SCITXC Pin=J6-2
Removed Pin From Net: NetName=GND Pin=J6-4
Removed Pin From Net: NetName=SCIRXA Pin=J7-1
Removed Pin From Net: NetName=SCITXA Pin=J7-2
Removed Pin From Net: NetName=GND Pin=J7-3
Removed Pin From Net: NetName=CAP1 Pin=J8-1
Removed Pin From Net: NetName=GND Pin=J8-3
Removed Pin From Net: NetName=SBUS_RX Pin=J9-1
Removed Pin From Net: NetName=GND Pin=J9-3
Removed Pin From Net: NetName=CAP2 Pin=J10-1
Removed Pin From Net: NetName=GND Pin=J10-3
Removed Pin From Net: NetName=TMS Pin=J11-1
Removed Pin From Net: NetName=T\R\S\T\ Pin=J11-2
Removed Pin From Net: NetName=TDI Pin=J11-3
Removed Pin From Net: NetName=GND Pin=J11-4
Removed Pin From Net: NetName=VDD5 Pin=J11-5
Removed Pin From Net: NetName=GND Pin=J11-8
Removed Pin From Net: NetName=TCK Pin=J11-9
Removed Pin From Net: NetName=GND Pin=J11-10
Removed Pin From Net: NetName=TCK Pin=J11-11
Removed Pin From Net: NetName=GND Pin=J11-12
Removed Pin From Net: NetName=EMU0 Pin=J11-13
Removed Pin From Net: NetName=EMU1 Pin=J11-14
Removed Pin From Net: NetName=GND Pin=JP1-1
Removed Pin From Net: NetName=GND Pin=JP1-1
Removed Pin From Net: NetName=GND Pin=LED5-2
Removed Pin From Net: NetName=VDD5 Pin=PTC1-1
Removed Pin From Net: NetName=VCC3V3 Pin=R11-1
Removed Pin From Net: NetName=VCC3V3 Pin=R12-1
Removed Pin From Net: NetName=I\S\E\N\S\O\R\_\C\S\ Pin=R12-2
Removed Pin From Net: NetName=VCC3V3 Pin=R15-1
Removed Pin From Net: NetName=VDD3V3 Pin=R19-1
Removed Pin From Net: NetName=VDD1V9 Pin=R21-1
Removed Pin From Net: NetName=VDD3V3 Pin=R35-1
Removed Pin From Net: NetName=TCK Pin=R35-2
Removed Pin From Net: NetName=VDD3V3 Pin=R36-1
Removed Pin From Net: NetName=EMU0 Pin=R36-2
Removed Pin From Net: NetName=GND Pin=R37-1
Removed Pin From Net: NetName=T\R\S\T\ Pin=R37-2
Removed Pin From Net: NetName=VDD3V3 Pin=R38-1
Removed Pin From Net: NetName=EMU1 Pin=R38-2
Removed Pin From Net: NetName=ISENSOR_SIMO Pin=RP1-1
Removed Pin From Net: NetName=ISENSOR_SOMI Pin=RP1-2
Removed Pin From Net: NetName=ISENSOR_CLK Pin=RP1-3
Removed Pin From Net: NetName=I\S\E\N\S\O\R\_\C\S\ Pin=RP1-4
Removed Pin From Net: NetName=V5 Pin=SW1-1
Removed Pin From Net: NetName=VCC3V3 Pin=TP1-1
Removed Pin From Net: NetName=VDD3V3 Pin=TP2-1
Removed Pin From Net: NetName=VDD1V9 Pin=TP3-1
Removed Pin From Net: NetName=XCLOUT Pin=TP4-1
Removed Pin From Net: NetName=BAT2S_VOLT Pin=TP5-1
Removed Pin From Net: NetName=BAT6S_VOLT_SENSE Pin=TP7-1
Removed Pin From Net: NetName=BAT_CURRENT_SENSE Pin=TP8-1
Removed Pin From Net: NetName=GND Pin=TP9-1
Removed Pin From Net: NetName=TEMP_DQ Pin=U1-38
Removed Pin From Net: NetName=SDCARD_MOSI Pin=U1-64
Removed Pin From Net: NetName=SDCARD_MISO Pin=U1-65
Removed Pin From Net: NetName=SDCARD_SCLK Pin=U1-66
Removed Pin From Net: NetName=SDCARD_CS Pin=U1-67
Removed Pin From Net: NetName=VDD3V3 Pin=U3-1
Removed Pin From Net: NetName=VDD3V3 Pin=U4-1
Removed Pin From Net: NetName=SCIRXDC Pin=U4-11
Removed Pin From Net: NetName=SCIRXDA Pin=U4-13
Removed Pin From Net: NetName=GND Pin=U9-1
Removed Pin From Net: NetName=VCC_RF Pin=U9-2
Removed Pin From Net: NetName=GND Pin=U9-4
Removed Pin From Net: NetName=GND Pin=U11-1
Removed Pin From Net: NetName=VDD5 Pin=U11-3
Removed Pin From Net: NetName=GND Pin=VDR1-1
Removed Pin From Net: NetName=GND Pin=VDR2-1
Removed Pin From Net: NetName=GND Pin=VDR3-1
Removed Pin From Net: NetName=GND Pin=VDR4-1
Removed Pin From Net: NetName=GND Pin=VDR5-1
Removed Pin From Net: NetName=GND Pin=VDR6-2
Removed Pin From Net: NetName=GND Pin=VDR7-1
Removed Pin From Net: NetName=GND Pin=VDR9-1
Removed Pin From Net: NetName=VDD5 Pin=VDR9-2
Removed Pin From Net: NetName=NetC26_2 Pin=Y1-1
Removed Member From Class: ClassName=GPS Member=C39
Removed Member From Class: ClassName=GPS Member=C40
Removed Member From Class: ClassName=POWER Member=C47
Removed Member From Class: ClassName=POWER Member=C48
Removed Member From Class: ClassName=POWER Member=C50
Removed Member From Class: ClassName=POWER Member=C51
Removed Member From Class: ClassName=IO Member=FB1
Removed Member From Class: ClassName=IO Member=FB2
Removed Member From Class: ClassName=IO Member=FB3
Removed Member From Class: ClassName=IO Member=FB4
Removed Member From Class: ClassName=IO Member=FB5
Removed Member From Class: ClassName=IO Member=FB6
Removed Member From Class: ClassName=IO Member=FB7
Removed Member From Class: ClassName=POWER Member=FB9
Removed Member From Class: ClassName=IO Member=J2
Removed Member From Class: ClassName=IO Member=J3
Removed Member From Class: ClassName=IO Member=J4
Removed Member From Class: ClassName=IO Member=J5
Removed Member From Class: ClassName=IO Member=J6
Removed Member From Class: ClassName=IO Member=J7
Removed Member From Class: ClassName=IO Member=J8
Removed Member From Class: ClassName=IO Member=J9
Removed Member From Class: ClassName=IO Member=J10
Removed Member From Class: ClassName=SBUS&JTAG Member=J11
Removed Member From Class: ClassName=GPS Member=JP2
Removed Member From Class: ClassName=GPS Member=L1
Removed Member From Class: ClassName=GPS Member=LED5
Removed Member From Class: ClassName=POWER Member=PTC1
Removed Member From Class: ClassName=IO Member=R12
Removed Member From Class: ClassName=POWER Member=R21
Removed Member From Class: ClassName=POWER Member=R22
Removed Member From Class: ClassName=POWER Member=R23
Removed Member From Class: ClassName=SBUS&JTAG Member=R35
Removed Member From Class: ClassName=SBUS&JTAG Member=R36
Removed Member From Class: ClassName=SBUS&JTAG Member=R37
Removed Member From Class: ClassName=SBUS&JTAG Member=R38
Removed Member From Class: ClassName=GPS Member=R39
Removed Member From Class: ClassName=F28335 Member=RP2
Removed Member From Class: ClassName=POWER Member=SW1
Removed Member From Class: ClassName=IO Member=TP1
Removed Member From Class: ClassName=IO Member=TP2
Removed Member From Class: ClassName=IO Member=TP3
Removed Member From Class: ClassName=IO Member=TP4
Removed Member From Class: ClassName=IO Member=TP5
Removed Member From Class: ClassName=IO Member=TP6
Removed Member From Class: ClassName=IO Member=TP7
Removed Member From Class: ClassName=IO Member=TP8
Removed Member From Class: ClassName=IO Member=TP9
Removed Member From Class: ClassName=GPS Member=U10
Removed Member From Class: ClassName=POWER Member=U15
Removed Member From Class: ClassName=IO Member=VDR1
Removed Member From Class: ClassName=IO Member=VDR2
Removed Member From Class: ClassName=IO Member=VDR3
Removed Member From Class: ClassName=IO Member=VDR4
Removed Member From Class: ClassName=IO Member=VDR5
Removed Member From Class: ClassName=IO Member=VDR6
Removed Member From Class: ClassName=IO Member=VDR7
Removed Member From Class: ClassName=SBUS&JTAG Member=VDR9
Change Component DesignItemId : Designator=Y1 Old DesignItemId=CRYSTAL New DesignItemId=Crystal-4
Change Component DesignItemId : Designator=J1 Old DesignItemId=HEAD3X12 New DesignItemId=HEAD1X40
Change Component DesignItemId : Designator=RP1 Old DesignItemId=RP-4 New DesignItemId=RP
Change Component Footprint: Designator=J1 Old Footprint=3X13RA New Footprint=FPC0.5-40
Change Component Footprint: Designator=B1 Old Footprint=BEEP New Footprint=SMD-Beep(9.6*9.6)
Change Component Footprint: Designator=U5 Old Footprint=SO8 New Footprint=UDFN8
Change Component Footprint: Designator=U6 Old Footprint=SO8 New Footprint=UDFN8
Change Component Footprint: Designator=U15 Old Footprint=SO14 New Footprint=TSSOP14
Change Component Footprint: Designator=U3 Old Footprint=SSOP20 New Footprint=TSSOP20
Change Component Footprint: Designator=U4 Old Footprint=SSOP20 New Footprint=TSSOP20
Change Component Footprint: Designator=U17 Old Footprint=VSSOP-8 New Footprint=VSSOP8-0.5
Change Component Footprint: Designator=RP1 Old Footprint=YC164 New Footprint=YC248
Change Component Comment : Designator=R3 Old Comment=1K New Comment=500
Change Component Comment : Designator=J1 Old Comment=HEAD3X12 New Comment=HEAD1X40/4-1734592-0
Change Component Comment : Designator=RP1 Old Comment=YC164/220 New Comment=YC248/220
Change Component Comment : Designator=RP3 Old Comment=YC248/120 New Comment=YC248/220
Change Component Designator: OldDesignator=C3 NewDesignator=C4
Change Component Designator: OldDesignator=C4 NewDesignator=C3
Change Component Designator: OldDesignator=C39 NewDesignator=C37
Change Component Designator: OldDesignator=C40 NewDesignator=C38
Change Component Designator: OldDesignator=C43 NewDesignator=C40
Change Component Designator: OldDesignator=C44 NewDesignator=C41
Change Component Designator: OldDesignator=C48 NewDesignator=C42
Change Component Designator: OldDesignator=C49 NewDesignator=C43
Change Component Designator: OldDesignator=C50 NewDesignator=C45
Change Component Designator: OldDesignator=C51 NewDesignator=C44
Change Component Designator: OldDesignator=C52 NewDesignator=C46
Change Component Designator: OldDesignator=C53 NewDesignator=C47
Change Component Designator: OldDesignator=C55 NewDesignator=C39
Change Component Designator: OldDesignator=FB8 NewDesignator=FB2
Change Component Designator: OldDesignator=FB10 NewDesignator=FB5
Change Component Designator: OldDesignator=FB11 NewDesignator=FB6
Change Component Designator: OldDesignator=FB12 NewDesignator=FB7
Change Component Designator: OldDesignator=FB13 NewDesignator=FB8
Change Component Designator: OldDesignator=FB14 NewDesignator=FB1
Change Component Designator: OldDesignator=JP2 NewDesignator=JP1
Change Component Designator: OldDesignator=R16 NewDesignator=R15
Change Component Designator: OldDesignator=R17 NewDesignator=R16
Change Component Designator: OldDesignator=R18 NewDesignator=R17
Change Component Designator: OldDesignator=R20 NewDesignator=R18
Change Component Designator: OldDesignator=R22 NewDesignator=R19
Change Component Designator: OldDesignator=R23 NewDesignator=R20
Change Component Designator: OldDesignator=R24 NewDesignator=R21
Change Component Designator: OldDesignator=R25 NewDesignator=R22
Change Component Designator: OldDesignator=R26 NewDesignator=R23
Change Component Designator: OldDesignator=R27 NewDesignator=R24
Change Component Designator: OldDesignator=R28 NewDesignator=R25
Change Component Designator: OldDesignator=R29 NewDesignator=R26
Change Component Designator: OldDesignator=R30 NewDesignator=R27
Change Component Designator: OldDesignator=R31 NewDesignator=R28
Change Component Designator: OldDesignator=R32 NewDesignator=R12
Change Component Designator: OldDesignator=R33 NewDesignator=R13
Change Component Designator: OldDesignator=R34 NewDesignator=R14
Change Component Designator: OldDesignator=RP3 NewDesignator=RP2
Change Component Designator: OldDesignator=RP4 NewDesignator=RP3
Change Component Designator: OldDesignator=U10 NewDesignator=U9
Change Component Designator: OldDesignator=U13 NewDesignator=U11
Change Component Designator: OldDesignator=U14 NewDesignator=U12
Change Component Designator: OldDesignator=U15 NewDesignator=U13
Change Component Designator: OldDesignator=U16 NewDesignator=U14
Change Component Designator: OldDesignator=U17 NewDesignator=U10
Change Component Designator: OldDesignator=VDR8 NewDesignator=VDR1
Change Component Description : Designator=Y1 Old Description=Crystal New Description=
Added Component: Designator=R29(0603R)
Added Component: Designator=R30(0603R)
Added Component: Designator=R31(0603R)
Added Component: Designator=R32(0603R)
Added Pin To Net: NetName=GND Pin=C25-2
Added Pin To Net: NetName=VDD3V3 Pin=C42-2
Added Pin To Net: NetName=VDD3V3 Pin=C43-1
Added Pin To Net: NetName=VDD1V9 Pin=C44-1
Added Pin To Net: NetName=VDD1V9 Pin=C45-2
Added Pin To Net: NetName=V5 Pin=FB2-1
Added Pin To Net: NetName=VDD3V3 Pin=FB3-1
Added Pin To Net: NetName=VCC3V3 Pin=FB3-2
Added Pin To Net: NetName=VCC3V3 Pin=FB4-1
Added Pin To Net: NetName=VCC_RF Pin=FB4-2
Added Pin To Net: NetName=PWM2 Pin=J1-2
Added Pin To Net: NetName=PWM3 Pin=J1-3
Added Pin To Net: NetName=PWM4 Pin=J1-4
Added Pin To Net: NetName=PWM5 Pin=J1-5
Added Pin To Net: NetName=PWM6 Pin=J1-6
Added Pin To Net: NetName=PWM7 Pin=J1-7
Added Pin To Net: NetName=PWM8 Pin=J1-8
Added Pin To Net: NetName=PWM9 Pin=J1-9
Added Pin To Net: NetName=PWM10 Pin=J1-10
Added Pin To Net: NetName=PWM11 Pin=J1-11
Added Pin To Net: NetName=PWM12 Pin=J1-12
Added Pin To Net: NetName=SBUS_TX Pin=J1-13
Added Pin To Net: NetName=SCITXA Pin=J1-15
Added Pin To Net: NetName=SCIRXA Pin=J1-16
Added Pin To Net: NetName=SCITXC Pin=J1-17
Added Pin To Net: NetName=SCIRXC Pin=J1-18
Added Pin To Net: NetName=ISENSOR_SIMO Pin=J1-19
Added Pin To Net: NetName=ISENSOR_SOMI Pin=J1-20
Added Pin To Net: NetName=ISENSOR_CLK Pin=J1-21
Added Pin To Net: NetName=I\S\E\N\S\O\R\_\C\S\ Pin=J1-22
Added Pin To Net: NetName=SDA Pin=J1-23
Added Pin To Net: NetName=SCL Pin=J1-24
Added Pin To Net: NetName=TDI Pin=J1-25
Added Pin To Net: NetName=T\R\S\T\ Pin=J1-27
Added Pin To Net: NetName=TMS Pin=J1-28
Added Pin To Net: NetName=EMU0 Pin=J1-29
Added Pin To Net: NetName=EMU1 Pin=J1-30
Added Pin To Net: NetName=TCK Pin=J1-31
Added Pin To Net: NetName=CAP1 Pin=J1-32
Added Pin To Net: NetName=CAP2 Pin=J1-33
Added Pin To Net: NetName=BAT_CURRENT_SENSE Pin=J1-34
Added Pin To Net: NetName=BAT6S_VOLT_SENSE Pin=J1-35
Added Pin To Net: NetName=BAT2S_VOLT Pin=J1-36
Added Pin To Net: NetName=GND Pin=J1-37
Added Pin To Net: NetName=GND Pin=J1-38
Added Pin To Net: NetName=V5 Pin=J1-39
Added Pin To Net: NetName=V5 Pin=J1-40
Added Pin To Net: NetName=VDD3V3 Pin=R11-1
Added Pin To Net: NetName=VDD1V9 Pin=R16-1
Added Pin To Net: NetName=GND Pin=R29-1
Added Pin To Net: NetName=T\R\S\T\ Pin=R29-2
Added Pin To Net: NetName=VDD3V3 Pin=R30-1
Added Pin To Net: NetName=TCK Pin=R30-2
Added Pin To Net: NetName=VDD3V3 Pin=R31-1
Added Pin To Net: NetName=EMU0 Pin=R31-2
Added Pin To Net: NetName=VDD3V3 Pin=R32-1
Added Pin To Net: NetName=EMU1 Pin=R32-2
Added Pin To Net: NetName=SDCARD_MOSI Pin=RP1-1
Added Pin To Net: NetName=SDCARD_MISO Pin=RP1-2
Added Pin To Net: NetName=SDCARD_SCLK Pin=RP1-3
Added Pin To Net: NetName=SDCARD_CS Pin=RP1-4
Added Pin To Net: NetName=ISENSOR_SIMO Pin=RP1-5
Added Pin To Net: NetName=ISENSOR_SOMI Pin=RP1-6
Added Pin To Net: NetName=ISENSOR_CLK Pin=RP1-7
Added Pin To Net: NetName=I\S\E\N\S\O\R\_\C\S\ Pin=RP1-8
Added Pin To Net: NetName=TEMP_DQ Pin=U1-1
Added Pin To Net: NetName=AGND Pin=U1-35
Added Pin To Net: NetName=AGND Pin=U1-36
Added Pin To Net: NetName=AGND Pin=U1-37
Added Pin To Net: NetName=AGND Pin=U1-38
Added Pin To Net: NetName=AGND Pin=U1-46
Added Pin To Net: NetName=AGND Pin=U1-47
Added Pin To Net: NetName=AGND Pin=U1-48
Added Pin To Net: NetName=AGND Pin=U1-49
Added Pin To Net: NetName=AGND Pin=U1-50
Added Pin To Net: NetName=AGND Pin=U1-51
Added Pin To Net: NetName=AGND Pin=U1-52
Added Pin To Net: NetName=AGND Pin=U1-53
Added Pin To Net: NetName=GND Pin=U3-1
Added Pin To Net: NetName=GND Pin=U4-1
Added Pin To Net: NetName=SCIRXDA Pin=U4-7
Added Pin To Net: NetName=SCIRXDC Pin=U4-9
Added Pin To Net: NetName=GND Pin=U10-7
Added Pin To Net: NetName=VDD3V3 Pin=U11-17
Added Pin To Net: NetName=VDD3V3 Pin=U11-18
Added Pin To Net: NetName=VDD1V9 Pin=U11-23
Added Pin To Net: NetName=VDD1V9 Pin=U11-24
Added Pin To Net: NetName=NetC26_2 Pin=Y1-3
Change Net Name : Old Net Name=NetFB10_2 New Net Name=NetFB5_2
Change Net Name : Old Net Name=NetFB11_2 New Net Name=NetFB6_2
Change Net Name : Old Net Name=NetFB12_1 New Net Name=NetFB7_1
Change Net Name : Old Net Name=NetFB12_2 New Net Name=NetFB7_2
Change Net Name : Old Net Name=NetFB13_1 New Net Name=NetFB8_1
Change Net Name : Old Net Name=NetFB13_2 New Net Name=NetFB8_2
Change Net Name : Old Net Name=NetR17_2 New Net Name=NetR16_2
Change Net Name : Old Net Name=NetR23_1 New Net Name=NetR20_1
Change Net Name : Old Net Name=NetR30_2 New Net Name=NetR27_2
Change Net Name : Old Net Name=NetRP3_10 New Net Name=NetRP2_10
Change Net Name : Old Net Name=NetRP3_12 New Net Name=NetRP2_12
Change Net Name : Old Net Name=NetRP3_13 New Net Name=NetRP2_13
Change Net Name : Old Net Name=NetRP3_14 New Net Name=NetRP2_14
Change Net Name : Old Net Name=NetRP3_15 New Net Name=NetRP2_15
Change Net Name : Old Net Name=NetRP3_16 New Net Name=NetRP2_16
Change Net Name : Old Net Name=NetRP4_9 New Net Name=NetRP3_9
Change Net Name : Old Net Name=NetRP4_10 New Net Name=NetRP3_10
Change Net Name : Old Net Name=NetRP4_11 New Net Name=NetRP3_11
Change Net Name : Old Net Name=NetRP4_12 New Net Name=NetRP3_12
Change Net Name : Old Net Name=NetRP4_13 New Net Name=NetRP3_13
Change Net Name : Old Net Name=NetRP4_14 New Net Name=NetRP3_14
Change Net Name : Old Net Name=NetRP4_15 New Net Name=NetRP3_15
Change Net Name : Old Net Name=NetRP4_16 New Net Name=NetRP3_16
Change Net Name : Old Net Name=NetU14_2 New Net Name=NetU12_2
Change Net Name : Old Net Name=NetU15_8 New Net Name=NetU13_8
Added Pin To Net: NetName=NetC25_1 Pin=C25-1
Added Pin To Net: NetName=NetC25_1 Pin=U1-104
Added Pin To Net: NetName=NetC25_1 Pin=Y1-1
Added Net: Name=NetC25_1
Added Pin To Net: NetName=NetRP1_9 Pin=RP1-9
Added Pin To Net: NetName=NetRP1_9 Pin=U1-73
Added Net: Name=NetRP1_9
Added Pin To Net: NetName=NetRP1_10 Pin=RP1-10
Added Pin To Net: NetName=NetRP1_10 Pin=U1-72
Added Net: Name=NetRP1_10
Added Pin To Net: NetName=NetRP1_11 Pin=RP1-11
Added Pin To Net: NetName=NetRP1_11 Pin=U1-69
Added Net: Name=NetRP1_11
Added Pin To Net: NetName=NetRP1_12 Pin=RP1-12
Added Pin To Net: NetName=NetRP1_12 Pin=U1-68
Added Net: Name=NetRP1_12
Added Pin To Net: NetName=NetRP1_13 Pin=RP1-13
Added Pin To Net: NetName=NetRP1_13 Pin=U1-67
Added Net: Name=NetRP1_13
Added Pin To Net: NetName=NetRP1_14 Pin=RP1-14
Added Pin To Net: NetName=NetRP1_14 Pin=U1-66
Added Net: Name=NetRP1_14
Added Pin To Net: NetName=NetRP1_15 Pin=RP1-15
Added Pin To Net: NetName=NetRP1_15 Pin=U1-65
Added Net: Name=NetRP1_15
Added Pin To Net: NetName=NetRP1_16 Pin=RP1-16
Added Pin To Net: NetName=NetRP1_16 Pin=U1-64
Added Net: Name=NetRP1_16
Added Pin To Net: NetName=SCIRXDA1 Pin=RP2-11
Added Pin To Net: NetName=SCIRXDA1 Pin=U4-13
Added Net: Name=SCIRXDA1
Added Pin To Net: NetName=SCIRXDC1 Pin=RP2-9
Added Pin To Net: NetName=SCIRXDC1 Pin=U4-11
Added Net: Name=SCIRXDC1
Added Pin To Net: NetName=TDO Pin=J1-26
Added Pin To Net: NetName=TDO Pin=U1-77
Added Net: Name=TDO
Change Class Name : Old Net Name=SBUS&JTAG New Net Name=SBUS
Added Member To Class: ClassName=F28335 Member=Component C6 0.1uF
Added Member To Class: ClassName=F28335 Member=Component C18 0.1uF
Added Member To Class: ClassName=F28335 Member=Component C25 24pF
Added Member To Class: ClassName=F28335 Member=Component C26 24pF
Added Member To Class: ClassName=POWER Member=Component FB3 742792625
Added Member To Class: ClassName=POWER Member=Component FB4 742792625
Added Member To Class: ClassName=IO Member=Component R29 10K
Added Member To Class: ClassName=IO Member=Component R30 10K
Added Member To Class: ClassName=IO Member=Component R31 10K
Added Member To Class: ClassName=IO Member=Component R32 10K
Added Room: Name=AD
Added Room: Name=F28335
Added Room: Name=GPS
Added Room: Name=IO
Added Room: Name=POWER
Added Room: Name=PWM&CAN&SD
Added Room: Name=SBUS
