Removed Pin From Net: NetName=GND Pin=U4-6
Removed Pin From Net: NetName=GND Pin=U4-7
Removed Pin From Net: NetName=GND Pin=U4-8
Removed Pin From Net: NetName=GND Pin=U4-9
Added Component: Designator=R12(0603R)
Added Component: Designator=RP3(YC248)
Added Pin To Net: NetName=VDD3V3 Pin=R12-1
Added Pin To Net: NetName=I\S\E\N\S\O\R\_\C\S\ Pin=R12-2
Added Pin To Net: NetName=PWM9 Pin=RP3-1
Added Pin To Net: NetName=PWM10 Pin=RP3-2
Added Pin To Net: NetName=PWM11 Pin=RP3-3
Added Pin To Net: NetName=PWM12 Pin=RP3-4
Added Pin To Net: NetName=SCITXA Pin=RP3-5
Added Pin To Net: NetName=SCIRXA Pin=RP3-6
Added Pin To Net: NetName=SCITXC Pin=RP3-7
Added Pin To Net: NetName=SCIRXC Pin=RP3-8
Added Pin To Net: NetName=SCIRXDC Pin=U4-11
Added Pin To Net: NetName=SCITXDC Pin=U4-12
Added Pin To Net: NetName=SCIRXDA Pin=U4-13
Added Pin To Net: NetName=SCITXDA Pin=U4-14
Added Pin To Net: NetName=SCITXDB Pin=U17-5
Added Pin To Net: NetName=SCIRXDB Pin=U17-6
Added Pin To Net: NetName=NetRP3_9 Pin=RP3-9
Added Pin To Net: NetName=NetRP3_9 Pin=U4-9
Added Net: Name=NetRP3_9
Added Pin To Net: NetName=NetRP3_10 Pin=RP3-10
Added Pin To Net: NetName=NetRP3_10 Pin=U4-8
Added Net: Name=NetRP3_10
Added Pin To Net: NetName=NetRP3_11 Pin=RP3-11
Added Pin To Net: NetName=NetRP3_11 Pin=U4-7
Added Net: Name=NetRP3_11
Added Pin To Net: NetName=NetRP3_12 Pin=RP3-12
Added Pin To Net: NetName=NetRP3_12 Pin=U4-6
Added Net: Name=NetRP3_12
Added Pin To Net: NetName=NetRP3_13 Pin=RP3-13
Added Pin To Net: NetName=NetRP3_13 Pin=U4-5
Added Net: Name=NetRP3_13
Added Pin To Net: NetName=NetRP3_14 Pin=RP3-14
Added Pin To Net: NetName=NetRP3_14 Pin=U4-4
Added Net: Name=NetRP3_14
Added Pin To Net: NetName=NetRP3_15 Pin=RP3-15
Added Pin To Net: NetName=NetRP3_15 Pin=U4-3
Added Net: Name=NetRP3_15
Added Pin To Net: NetName=NetRP3_16 Pin=RP3-16
Added Pin To Net: NetName=NetRP3_16 Pin=U4-2
Added Net: Name=NetRP3_16
Change Class Name : Old Net Name=UART&SBUS&JTAG New Net Name=SBUS&JTAG
Added Member To Class: ClassName=IO Member=Component R12 10K
Added Member To Class: ClassName=PWM&CAN&SD Member=Component RP3 YC248/120
Added Room: Name=AD
Added Room: Name=F28335
Added Room: Name=GPS
Added Room: Name=IO
Added Room: Name=POWER
Added Room: Name=PWM&CAN&SD
Added Room: Name=SBUS&JTAG
