Removed Pin From Net: NetName=ISENSOR_DIO4 Pin=RP2-5
Removed Pin From Net: NetName=ISENSOR_DIO3 Pin=RP2-6
Removed Pin From Net: NetName=ISENSOR_DIO2 Pin=RP2-7
Removed Pin From Net: NetName=ISENSOR_DIO1 Pin=RP2-8
Added Pin To Net: NetName=ISENSOR_DIO1 Pin=RP2-1
Added Pin To Net: NetName=ISENSOR_DIO2 Pin=RP2-2
Added Pin To Net: NetName=ISENSOR_DIO3 Pin=RP2-3
Added Pin To Net: NetName=ISENSOR_DIO4 Pin=RP2-4
Added Pin To Net: NetName=NetRP2_5 Pin=RP2-5
Added Pin To Net: NetName=NetRP2_5 Pin=U1-164
Added Net: Name=NetRP2_5
Added Pin To Net: NetName=NetRP2_6 Pin=RP2-6
Added Pin To Net: NetName=NetRP2_6 Pin=U1-163
Added Net: Name=NetRP2_6
Added Pin To Net: NetName=NetRP2_7 Pin=RP2-7
Added Pin To Net: NetName=NetRP2_7 Pin=U1-162
Added Net: Name=NetRP2_7
Added Pin To Net: NetName=NetRP2_8 Pin=RP2-8
Added Pin To Net: NetName=NetRP2_8 Pin=U1-161
Added Net: Name=NetRP2_8
Added Room: Name=AD
Added Room: Name=F28335
Added Room: Name=GPS
Added Room: Name=IO
Added Room: Name=POWER
Added Room: Name=UART&SBUS&JTAG
