Added Component: Designator=B1(SMD-Beep(9.6*9.6))
Added Component: Designator=C1(0603C)
Added Component: Designator=C2(0603C)
Added Component: Designator=C3(0603C)
Added Component: Designator=C4(0603C)
Added Component: Designator=C5(0603C)
Added Component: Designator=C6(0603C)
Added Component: Designator=C7(0603C)
Added Component: Designator=C8(0603C)
Added Component: Designator=C9(0603C)
Added Component: Designator=C10(0603C)
Added Component: Designator=C11(0603C)
Added Component: Designator=C12(0603C)
Added Component: Designator=C13(0603C)
Added Component: Designator=C14(0603C)
Added Component: Designator=C15(0603C)
Added Component: Designator=C16(0603C)
Added Component: Designator=C17(0603C)
Added Component: Designator=C18(0603C)
Added Component: Designator=C19(0603C)
Added Component: Designator=C20(0603C)
Added Component: Designator=C21(0603C)
Added Component: Designator=C22(0603C)
Added Component: Designator=C23(0603C)
Added Component: Designator=C24(0603C)
Added Component: Designator=C25(0603C)
Added Component: Designator=C26(0603C)
Added Component: Designator=C27(0603C)
Added Component: Designator=C28(0603C)
Added Component: Designator=C29(0603C)
Added Component: Designator=C30(0603C)
Added Component: Designator=C31(0603C)
Added Component: Designator=C32(0603C)
Added Component: Designator=C33(0603C)
Added Component: Designator=C34(0603C)
Added Component: Designator=C35(0603C)
Added Component: Designator=C36(0603C)
Added Component: Designator=C37(0603C)
Added Component: Designator=C38(0603C)
Added Component: Designator=C39(0603C)
Added Component: Designator=C40(0603C)
Added Component: Designator=C41(0603C)
Added Component: Designator=C42(0603C)
Added Component: Designator=C43(3528/B)
Added Component: Designator=C44(3528/B)
Added Component: Designator=C45(0603C)
Added Component: Designator=C46(0603C)
Added Component: Designator=C47(0603C)
Added Component: Designator=D1(0603R)
Added Component: Designator=D2(0603R)
Added Component: Designator=FB1(0603-FB)
Added Component: Designator=FB2(0603-FB)
Added Component: Designator=FB3(0603-FB)
Added Component: Designator=FB4(0603-FB)
Added Component: Designator=FB5(0603-FB)
Added Component: Designator=FB6(0603-FB)
Added Component: Designator=FB7(0603-FB)
Added Component: Designator=FB8(0603-FB)
Added Component: Designator=J1(FPC0.5-40)
Added Component: Designator=JP1(IPEX-20279-00E-03)
Added Component: Designator=K1(3*6*2.5 SMD)
Added Component: Designator=LED1(0603D)
Added Component: Designator=LED2(0603D)
Added Component: Designator=LED3(0603D)
Added Component: Designator=LED4(0603D)
Added Component: Designator=Q1(SOT23-PNP)
Added Component: Designator=R1(0603R)
Added Component: Designator=R2(0603R)
Added Component: Designator=R3(0603R)
Added Component: Designator=R4(0603R)
Added Component: Designator=R5(0603R)
Added Component: Designator=R6(0603R)
Added Component: Designator=R7(0603R)
Added Component: Designator=R8(0603R)
Added Component: Designator=R9(0603R)
Added Component: Designator=R10(0603R)
Added Component: Designator=R11(0603R)
Added Component: Designator=R12(0603R)
Added Component: Designator=R13(0603R)
Added Component: Designator=R14(0603R)
Added Component: Designator=R15(0603R)
Added Component: Designator=R16(0603R)
Added Component: Designator=R17(0603R)
Added Component: Designator=R18(0603R)
Added Component: Designator=R19(0603R)
Added Component: Designator=R20(0603R)
Added Component: Designator=R21(0603R)
Added Component: Designator=R22(0603R)
Added Component: Designator=R23(0603R)
Added Component: Designator=R24(0603R)
Added Component: Designator=R25(0603R)
Added Component: Designator=R26(0603R)
Added Component: Designator=R27(0603R)
Added Component: Designator=R28(0603R)
Added Component: Designator=R29(0603R)
Added Component: Designator=R30(0603R)
Added Component: Designator=R31(0603R)
Added Component: Designator=R32(0603R)
Added Component: Designator=RP1(YC248)
Added Component: Designator=RP2(YC248)
Added Component: Designator=RP3(YC248)
Added Component: Designator=U1(LQFP-176)
Added Component: Designator=U2(TO-92)
Added Component: Designator=U3(TSSOP20)
Added Component: Designator=U4(TSSOP20)
Added Component: Designator=U5(UDFN8)
Added Component: Designator=U6(UDFN8)
Added Component: Designator=U7(microsd)
Added Component: Designator=U8(SOIC-8)
Added Component: Designator=U9(ublox-M8)
Added Component: Designator=U10(VSSOP8-0.5)
Added Component: Designator=U11(TPS767D301)
Added Component: Designator=U12(IMP811)
Added Component: Designator=U13(TSSOP14)
Added Component: Designator=U14(MPXV7002DP)
Added Component: Designator=VDR1(0603R)
Added Component: Designator=Y1(5032Y)
Added Pin To Net: NetName=AGND Pin=C23-2
Added Pin To Net: NetName=AGND Pin=C24-2
Added Pin To Net: NetName=AGND Pin=FB1-2
Added Pin To Net: NetName=AGND Pin=R1-1
Added Pin To Net: NetName=AGND Pin=U1-32
Added Pin To Net: NetName=AGND Pin=U1-33
Added Pin To Net: NetName=AGND Pin=U1-35
Added Pin To Net: NetName=AGND Pin=U1-36
Added Pin To Net: NetName=AGND Pin=U1-37
Added Pin To Net: NetName=AGND Pin=U1-38
Added Pin To Net: NetName=AGND Pin=U1-43
Added Pin To Net: NetName=AGND Pin=U1-44
Added Pin To Net: NetName=AGND Pin=U1-46
Added Pin To Net: NetName=AGND Pin=U1-47
Added Pin To Net: NetName=AGND Pin=U1-48
Added Pin To Net: NetName=AGND Pin=U1-49
Added Pin To Net: NetName=AGND Pin=U1-50
Added Pin To Net: NetName=AGND Pin=U1-51
Added Pin To Net: NetName=AGND Pin=U1-52
Added Pin To Net: NetName=AGND Pin=U1-53
Added Pin To Net: NetName=AGND Pin=U1-58
Added Net: Name=AGND
Added Pin To Net: NetName=BAT2S_VOLT Pin=J1-36
Added Pin To Net: NetName=BAT2S_VOLT Pin=R21-1
Added Net: Name=BAT2S_VOLT
Added Pin To Net: NetName=BAT6S_VOLT_SENSE Pin=FB6-1
Added Pin To Net: NetName=BAT6S_VOLT_SENSE Pin=J1-35
Added Net: Name=BAT6S_VOLT_SENSE
Added Pin To Net: NetName=BAT_CURRENT_SENSE Pin=FB5-1
Added Pin To Net: NetName=BAT_CURRENT_SENSE Pin=J1-34
Added Net: Name=BAT_CURRENT_SENSE
Added Pin To Net: NetName=BATT2S_VOLT_SENSE Pin=R25-1
Added Pin To Net: NetName=BATT2S_VOLT_SENSE Pin=U1-40
Added Net: Name=BATT2S_VOLT_SENSE
Added Pin To Net: NetName=BATT6S_VOLT_SENSE Pin=R24-1
Added Pin To Net: NetName=BATT6S_VOLT_SENSE Pin=U1-42
Added Net: Name=BATT6S_VOLT_SENSE
Added Pin To Net: NetName=BATT_CURRENT_SENSE Pin=R23-1
Added Pin To Net: NetName=BATT_CURRENT_SENSE Pin=U1-41
Added Net: Name=BATT_CURRENT_SENSE
Added Pin To Net: NetName=CANRXB Pin=U1-24
Added Pin To Net: NetName=CANRXB Pin=U8-4
Added Net: Name=CANRXB
Added Pin To Net: NetName=CANSTB Pin=U1-63
Added Pin To Net: NetName=CANSTB Pin=U8-8
Added Net: Name=CANSTB
Added Pin To Net: NetName=CANTH Pin=R10-1
Added Pin To Net: NetName=CANTH Pin=U8-7
Added Net: Name=CANTH
Added Pin To Net: NetName=CANTL Pin=R10-2
Added Pin To Net: NetName=CANTL Pin=U8-6
Added Net: Name=CANTL
Added Pin To Net: NetName=CANTXB Pin=U1-21
Added Pin To Net: NetName=CANTXB Pin=U8-1
Added Net: Name=CANTXB
Added Pin To Net: NetName=CAP1 Pin=J1-32
Added Pin To Net: NetName=CAP1 Pin=U5-2
Added Net: Name=CAP1
Added Pin To Net: NetName=CAP2 Pin=J1-33
Added Pin To Net: NetName=CAP2 Pin=U5-3
Added Net: Name=CAP2
Added Pin To Net: NetName=DSP_RST Pin=R5-1
Added Pin To Net: NetName=DSP_RST Pin=R11-2
Added Pin To Net: NetName=DSP_RST Pin=U1-80
Added Pin To Net: NetName=DSP_RST Pin=U9-8
Added Pin To Net: NetName=DSP_RST Pin=U13-11
Added Net: Name=DSP_RST
Added Pin To Net: NetName=ECAP5 Pin=U1-88
Added Pin To Net: NetName=ECAP5 Pin=U5-7
Added Net: Name=ECAP5
Added Pin To Net: NetName=ECAP6 Pin=U1-89
Added Pin To Net: NetName=ECAP6 Pin=U5-6
Added Net: Name=ECAP6
Added Pin To Net: NetName=EMU0 Pin=J1-29
Added Pin To Net: NetName=EMU0 Pin=R31-2
Added Pin To Net: NetName=EMU0 Pin=U1-85
Added Net: Name=EMU0
Added Pin To Net: NetName=EMU1 Pin=J1-30
Added Pin To Net: NetName=EMU1 Pin=R32-2
Added Pin To Net: NetName=EMU1 Pin=U1-86
Added Net: Name=EMU1
Added Pin To Net: NetName=EPWM1A Pin=U1-5
Added Pin To Net: NetName=EPWM1A Pin=U3-18
Added Net: Name=EPWM1A
Added Pin To Net: NetName=EPWM1B Pin=U1-6
Added Pin To Net: NetName=EPWM1B Pin=U3-17
Added Net: Name=EPWM1B
Added Pin To Net: NetName=EPWM2A Pin=U1-7
Added Pin To Net: NetName=EPWM2A Pin=U3-16
Added Net: Name=EPWM2A
Added Pin To Net: NetName=EPWM2B Pin=U1-10
Added Pin To Net: NetName=EPWM2B Pin=U3-15
Added Net: Name=EPWM2B
Added Pin To Net: NetName=EPWM3A Pin=U1-11
Added Pin To Net: NetName=EPWM3A Pin=U3-14
Added Net: Name=EPWM3A
Added Pin To Net: NetName=EPWM3B Pin=U1-12
Added Pin To Net: NetName=EPWM3B Pin=U3-13
Added Net: Name=EPWM3B
Added Pin To Net: NetName=EPWM4A Pin=U1-13
Added Pin To Net: NetName=EPWM4A Pin=U3-12
Added Net: Name=EPWM4A
Added Pin To Net: NetName=EPWM4B Pin=U1-16
Added Pin To Net: NetName=EPWM4B Pin=U3-11
Added Net: Name=EPWM4B
Added Pin To Net: NetName=EPWM5A Pin=U1-17
Added Pin To Net: NetName=EPWM5A Pin=U4-18
Added Net: Name=EPWM5A
Added Pin To Net: NetName=EPWM5B Pin=U1-18
Added Pin To Net: NetName=EPWM5B Pin=U4-17
Added Net: Name=EPWM5B
Added Pin To Net: NetName=EPWM6A Pin=U1-19
Added Pin To Net: NetName=EPWM6A Pin=U4-16
Added Net: Name=EPWM6A
Added Pin To Net: NetName=EPWM6B Pin=U1-20
Added Pin To Net: NetName=EPWM6B Pin=U4-15
Added Net: Name=EPWM6B
Added Pin To Net: NetName=GND Pin=B1-2
Added Pin To Net: NetName=GND Pin=C1-2
Added Pin To Net: NetName=GND Pin=C2-2
Added Pin To Net: NetName=GND Pin=C3-2
Added Pin To Net: NetName=GND Pin=C4-2
Added Pin To Net: NetName=GND Pin=C5-2
Added Pin To Net: NetName=GND Pin=C6-2
Added Pin To Net: NetName=GND Pin=C7-2
Added Pin To Net: NetName=GND Pin=C8-2
Added Pin To Net: NetName=GND Pin=C9-2
Added Pin To Net: NetName=GND Pin=C10-2
Added Pin To Net: NetName=GND Pin=C11-2
Added Pin To Net: NetName=GND Pin=C12-2
Added Pin To Net: NetName=GND Pin=C13-2
Added Pin To Net: NetName=GND Pin=C14-2
Added Pin To Net: NetName=GND Pin=C15-2
Added Pin To Net: NetName=GND Pin=C16-2
Added Pin To Net: NetName=GND Pin=C17-2
Added Pin To Net: NetName=GND Pin=C18-2
Added Pin To Net: NetName=GND Pin=C19-2
Added Pin To Net: NetName=GND Pin=C20-2
Added Pin To Net: NetName=GND Pin=C21-2
Added Pin To Net: NetName=GND Pin=C22-2
Added Pin To Net: NetName=GND Pin=C25-2
Added Pin To Net: NetName=GND Pin=C26-1
Added Pin To Net: NetName=GND Pin=C27-1
Added Pin To Net: NetName=GND Pin=C28-1
Added Pin To Net: NetName=GND Pin=C29-1
Added Pin To Net: NetName=GND Pin=C30-1
Added Pin To Net: NetName=GND Pin=C31-1
Added Pin To Net: NetName=GND Pin=C32-1
Added Pin To Net: NetName=GND Pin=C33-1
Added Pin To Net: NetName=GND Pin=C34-1
Added Pin To Net: NetName=GND Pin=C35-1
Added Pin To Net: NetName=GND Pin=C36-1
Added Pin To Net: NetName=GND Pin=C37-2
Added Pin To Net: NetName=GND Pin=C38-1
Added Pin To Net: NetName=GND Pin=C39-2
Added Pin To Net: NetName=GND Pin=C40-1
Added Pin To Net: NetName=GND Pin=C41-1
Added Pin To Net: NetName=GND Pin=C42-1
Added Pin To Net: NetName=GND Pin=C43-2
Added Pin To Net: NetName=GND Pin=C44-2
Added Pin To Net: NetName=GND Pin=C45-1
Added Pin To Net: NetName=GND Pin=C46-1
Added Pin To Net: NetName=GND Pin=C47-1
Added Pin To Net: NetName=GND Pin=D1-2
Added Pin To Net: NetName=GND Pin=D2-2
Added Pin To Net: NetName=GND Pin=FB1-1
Added Pin To Net: NetName=GND Pin=J1-37
Added Pin To Net: NetName=GND Pin=J1-38
Added Pin To Net: NetName=GND Pin=JP1-1
Added Pin To Net: NetName=GND Pin=JP1-1
Added Pin To Net: NetName=GND Pin=K1-1
Added Pin To Net: NetName=GND Pin=LED4-2
Added Pin To Net: NetName=GND Pin=R12-2
Added Pin To Net: NetName=GND Pin=R17-1
Added Pin To Net: NetName=GND Pin=R22-2
Added Pin To Net: NetName=GND Pin=R26-1
Added Pin To Net: NetName=GND Pin=R29-1
Added Pin To Net: NetName=GND Pin=U1-3
Added Pin To Net: NetName=GND Pin=U1-8
Added Pin To Net: NetName=GND Pin=U1-14
Added Pin To Net: NetName=GND Pin=U1-22
Added Pin To Net: NetName=GND Pin=U1-30
Added Pin To Net: NetName=GND Pin=U1-60
Added Pin To Net: NetName=GND Pin=U1-70
Added Pin To Net: NetName=GND Pin=U1-83
Added Pin To Net: NetName=GND Pin=U1-92
Added Pin To Net: NetName=GND Pin=U1-103
Added Pin To Net: NetName=GND Pin=U1-105
Added Pin To Net: NetName=GND Pin=U1-106
Added Pin To Net: NetName=GND Pin=U1-108
Added Pin To Net: NetName=GND Pin=U1-118
Added Pin To Net: NetName=GND Pin=U1-120
Added Pin To Net: NetName=GND Pin=U1-125
Added Pin To Net: NetName=GND Pin=U1-140
Added Pin To Net: NetName=GND Pin=U1-144
Added Pin To Net: NetName=GND Pin=U1-147
Added Pin To Net: NetName=GND Pin=U1-155
Added Pin To Net: NetName=GND Pin=U1-160
Added Pin To Net: NetName=GND Pin=U1-166
Added Pin To Net: NetName=GND Pin=U1-171
Added Pin To Net: NetName=GND Pin=U2-1
Added Pin To Net: NetName=GND Pin=U3-1
Added Pin To Net: NetName=GND Pin=U3-10
Added Pin To Net: NetName=GND Pin=U3-19
Added Pin To Net: NetName=GND Pin=U4-1
Added Pin To Net: NetName=GND Pin=U4-10
Added Pin To Net: NetName=GND Pin=U4-19
Added Pin To Net: NetName=GND Pin=U5-4
Added Pin To Net: NetName=GND Pin=U6-4
Added Pin To Net: NetName=GND Pin=U7-6
Added Pin To Net: NetName=GND Pin=U7-10
Added Pin To Net: NetName=GND Pin=U7-10
Added Pin To Net: NetName=GND Pin=U7-10
Added Pin To Net: NetName=GND Pin=U7-10
Added Pin To Net: NetName=GND Pin=U8-2
Added Pin To Net: NetName=GND Pin=U9-2
Added Pin To Net: NetName=GND Pin=U9-7
Added Pin To Net: NetName=GND Pin=U9-10
Added Pin To Net: NetName=GND Pin=U9-12
Added Pin To Net: NetName=GND Pin=U9-13
Added Pin To Net: NetName=GND Pin=U9-24
Added Pin To Net: NetName=GND Pin=U10-1
Added Pin To Net: NetName=GND Pin=U10-4
Added Pin To Net: NetName=GND Pin=U10-7
Added Pin To Net: NetName=GND Pin=U11-3
Added Pin To Net: NetName=GND Pin=U11-4
Added Pin To Net: NetName=GND Pin=U11-9
Added Pin To Net: NetName=GND Pin=U11-10
Added Pin To Net: NetName=GND Pin=U11-29
Added Pin To Net: NetName=GND Pin=U12-1
Added Pin To Net: NetName=GND Pin=U13-1
Added Pin To Net: NetName=GND Pin=U13-2
Added Pin To Net: NetName=GND Pin=U13-4
Added Pin To Net: NetName=GND Pin=U13-5
Added Pin To Net: NetName=GND Pin=U13-7
Added Pin To Net: NetName=GND Pin=U14-3
Added Pin To Net: NetName=GND Pin=VDR1-1
Added Pin To Net: NetName=GND Pin=Y1-2
Added Pin To Net: NetName=GND Pin=Y1-4
Added Net: Name=GND
Added Pin To Net: NetName=GPS_C\S\ Pin=U1-99
Added Pin To Net: NetName=GPS_C\S\ Pin=U9-18
Added Net: Name=GPS_C\S\
Added Pin To Net: NetName=GPS_MISO Pin=U1-97
Added Pin To Net: NetName=GPS_MISO Pin=U9-20
Added Net: Name=GPS_MISO
Added Pin To Net: NetName=GPS_MOSI Pin=U1-96
Added Pin To Net: NetName=GPS_MOSI Pin=U9-21
Added Net: Name=GPS_MOSI
Added Pin To Net: NetName=GPS_SLK Pin=U1-98
Added Pin To Net: NetName=GPS_SLK Pin=U9-19
Added Net: Name=GPS_SLK
Added Pin To Net: NetName=I\S\E\N\S\O\R\_\C\S\ Pin=J1-22
Added Pin To Net: NetName=I\S\E\N\S\O\R\_\C\S\ Pin=RP1-8
Added Net: Name=I\S\E\N\S\O\R\_\C\S\
Added Pin To Net: NetName=ISENSOR_CLK Pin=J1-21
Added Pin To Net: NetName=ISENSOR_CLK Pin=RP1-7
Added Net: Name=ISENSOR_CLK
Added Pin To Net: NetName=ISENSOR_SIMO Pin=J1-19
Added Pin To Net: NetName=ISENSOR_SIMO Pin=RP1-5
Added Net: Name=ISENSOR_SIMO
Added Pin To Net: NetName=ISENSOR_SOMI Pin=J1-20
Added Pin To Net: NetName=ISENSOR_SOMI Pin=RP1-6
Added Net: Name=ISENSOR_SOMI
Added Pin To Net: NetName=NetB1_1 Pin=B1-1
Added Pin To Net: NetName=NetB1_1 Pin=Q1-3
Added Net: Name=NetB1_1
Added Pin To Net: NetName=NetC23_1 Pin=C23-1
Added Pin To Net: NetName=NetC23_1 Pin=U1-56
Added Net: Name=NetC23_1
Added Pin To Net: NetName=NetC24_1 Pin=C24-1
Added Pin To Net: NetName=NetC24_1 Pin=U1-55
Added Net: Name=NetC24_1
Added Pin To Net: NetName=NetC25_1 Pin=C25-1
Added Pin To Net: NetName=NetC25_1 Pin=U1-104
Added Pin To Net: NetName=NetC25_1 Pin=Y1-1
Added Net: Name=NetC25_1
Added Pin To Net: NetName=NetC26_2 Pin=C26-2
Added Pin To Net: NetName=NetC26_2 Pin=U1-102
Added Pin To Net: NetName=NetC26_2 Pin=Y1-3
Added Net: Name=NetC26_2
Added Pin To Net: NetName=NetC27_2 Pin=C27-2
Added Pin To Net: NetName=NetC27_2 Pin=Q1-1
Added Pin To Net: NetName=NetC27_2 Pin=R6-2
Added Net: Name=NetC27_2
Added Pin To Net: NetName=NetD1_1 Pin=D1-1
Added Pin To Net: NetName=NetD1_1 Pin=R13-2
Added Pin To Net: NetName=NetD1_1 Pin=U10-2
Added Net: Name=NetD1_1
Added Pin To Net: NetName=NetD2_1 Pin=D2-1
Added Pin To Net: NetName=NetD2_1 Pin=R12-1
Added Pin To Net: NetName=NetD2_1 Pin=R14-2
Added Pin To Net: NetName=NetD2_1 Pin=U10-3
Added Net: Name=NetD2_1
Added Pin To Net: NetName=NetFB5_2 Pin=FB5-2
Added Pin To Net: NetName=NetFB5_2 Pin=R23-2
Added Net: Name=NetFB5_2
Added Pin To Net: NetName=NetFB6_2 Pin=FB6-2
Added Pin To Net: NetName=NetFB6_2 Pin=R24-2
Added Net: Name=NetFB6_2
Added Pin To Net: NetName=NetFB7_1 Pin=FB7-1
Added Pin To Net: NetName=NetFB7_1 Pin=R21-2
Added Pin To Net: NetName=NetFB7_1 Pin=R22-1
Added Net: Name=NetFB7_1
Added Pin To Net: NetName=NetFB7_2 Pin=FB7-2
Added Pin To Net: NetName=NetFB7_2 Pin=R25-2
Added Net: Name=NetFB7_2
Added Pin To Net: NetName=NetFB8_1 Pin=FB8-1
Added Pin To Net: NetName=NetFB8_1 Pin=R26-2
Added Pin To Net: NetName=NetFB8_1 Pin=R27-1
Added Net: Name=NetFB8_1
Added Pin To Net: NetName=NetFB8_2 Pin=FB8-2
Added Pin To Net: NetName=NetFB8_2 Pin=R28-2
Added Net: Name=NetFB8_2
Added Pin To Net: NetName=NetK1_2 Pin=K1-2
Added Pin To Net: NetName=NetK1_2 Pin=R19-1
Added Pin To Net: NetName=NetK1_2 Pin=U12-3
Added Net: Name=NetK1_2
Added Pin To Net: NetName=NetLED1_2 Pin=LED1-2
Added Pin To Net: NetName=NetLED1_2 Pin=R2-2
Added Net: Name=NetLED1_2
Added Pin To Net: NetName=NetLED2_2 Pin=LED2-2
Added Pin To Net: NetName=NetLED2_2 Pin=R3-2
Added Net: Name=NetLED2_2
Added Pin To Net: NetName=NetLED3_2 Pin=LED3-2
Added Pin To Net: NetName=NetLED3_2 Pin=R4-2
Added Net: Name=NetLED3_2
Added Pin To Net: NetName=NetLED4_1 Pin=LED4-1
Added Pin To Net: NetName=NetLED4_1 Pin=R18-1
Added Net: Name=NetLED4_1
Added Pin To Net: NetName=NetR1_2 Pin=R1-2
Added Pin To Net: NetName=NetR1_2 Pin=U1-57
Added Net: Name=NetR1_2
Added Pin To Net: NetName=NetR2_1 Pin=R2-1
Added Pin To Net: NetName=NetR2_1 Pin=U1-172
Added Net: Name=NetR2_1
Added Pin To Net: NetName=NetR3_1 Pin=R3-1
Added Pin To Net: NetName=NetR3_1 Pin=U1-173
Added Net: Name=NetR3_1
Added Pin To Net: NetName=NetR4_1 Pin=R4-1
Added Pin To Net: NetName=NetR4_1 Pin=U1-174
Added Net: Name=NetR4_1
Added Pin To Net: NetName=NetR6_1 Pin=R6-1
Added Pin To Net: NetName=NetR6_1 Pin=U1-132
Added Net: Name=NetR6_1
Added Pin To Net: NetName=NetR8_1 Pin=R8-1
Added Pin To Net: NetName=NetR8_1 Pin=U5-5
Added Net: Name=NetR8_1
Added Pin To Net: NetName=NetR9_1 Pin=R9-1
Added Pin To Net: NetName=NetR9_1 Pin=U6-5
Added Net: Name=NetR9_1
Added Pin To Net: NetName=NetR16_2 Pin=R16-2
Added Pin To Net: NetName=NetR16_2 Pin=R17-2
Added Pin To Net: NetName=NetR16_2 Pin=U11-25
Added Net: Name=NetR16_2
Added Pin To Net: NetName=NetR20_1 Pin=R20-1
Added Pin To Net: NetName=NetR20_1 Pin=U13-10
Added Net: Name=NetR20_1
Added Pin To Net: NetName=NetR27_2 Pin=R27-2
Added Pin To Net: NetName=NetR27_2 Pin=U14-4
Added Net: Name=NetR27_2
Added Pin To Net: NetName=NetRP1_9 Pin=RP1-9
Added Pin To Net: NetName=NetRP1_9 Pin=U1-73
Added Net: Name=NetRP1_9
Added Pin To Net: NetName=NetRP1_10 Pin=RP1-10
Added Pin To Net: NetName=NetRP1_10 Pin=U1-72
Added Net: Name=NetRP1_10
Added Pin To Net: NetName=NetRP1_11 Pin=RP1-11
Added Pin To Net: NetName=NetRP1_11 Pin=U1-69
Added Net: Name=NetRP1_11
Added Pin To Net: NetName=NetRP1_12 Pin=RP1-12
Added Pin To Net: NetName=NetRP1_12 Pin=U1-68
Added Net: Name=NetRP1_12
Added Pin To Net: NetName=NetRP1_13 Pin=RP1-13
Added Pin To Net: NetName=NetRP1_13 Pin=U1-67
Added Net: Name=NetRP1_13
Added Pin To Net: NetName=NetRP1_14 Pin=RP1-14
Added Pin To Net: NetName=NetRP1_14 Pin=U1-66
Added Net: Name=NetRP1_14
Added Pin To Net: NetName=NetRP1_15 Pin=RP1-15
Added Pin To Net: NetName=NetRP1_15 Pin=U1-65
Added Net: Name=NetRP1_15
Added Pin To Net: NetName=NetRP1_16 Pin=RP1-16
Added Pin To Net: NetName=NetRP1_16 Pin=U1-64
Added Net: Name=NetRP1_16
Added Pin To Net: NetName=NetRP2_10 Pin=RP2-10
Added Pin To Net: NetName=NetRP2_10 Pin=U4-8
Added Net: Name=NetRP2_10
Added Pin To Net: NetName=NetRP2_12 Pin=RP2-12
Added Pin To Net: NetName=NetRP2_12 Pin=U4-6
Added Net: Name=NetRP2_12
Added Pin To Net: NetName=NetRP2_13 Pin=RP2-13
Added Pin To Net: NetName=NetRP2_13 Pin=U4-5
Added Net: Name=NetRP2_13
Added Pin To Net: NetName=NetRP2_14 Pin=RP2-14
Added Pin To Net: NetName=NetRP2_14 Pin=U4-4
Added Net: Name=NetRP2_14
Added Pin To Net: NetName=NetRP2_15 Pin=RP2-15
Added Pin To Net: NetName=NetRP2_15 Pin=U4-3
Added Net: Name=NetRP2_15
Added Pin To Net: NetName=NetRP2_16 Pin=RP2-16
Added Pin To Net: NetName=NetRP2_16 Pin=U4-2
Added Net: Name=NetRP2_16
Added Pin To Net: NetName=NetRP3_9 Pin=RP3-9
Added Pin To Net: NetName=NetRP3_9 Pin=U3-9
Added Net: Name=NetRP3_9
Added Pin To Net: NetName=NetRP3_10 Pin=RP3-10
Added Pin To Net: NetName=NetRP3_10 Pin=U3-8
Added Net: Name=NetRP3_10
Added Pin To Net: NetName=NetRP3_11 Pin=RP3-11
Added Pin To Net: NetName=NetRP3_11 Pin=U3-7
Added Net: Name=NetRP3_11
Added Pin To Net: NetName=NetRP3_12 Pin=RP3-12
Added Pin To Net: NetName=NetRP3_12 Pin=U3-6
Added Net: Name=NetRP3_12
Added Pin To Net: NetName=NetRP3_13 Pin=RP3-13
Added Pin To Net: NetName=NetRP3_13 Pin=U3-5
Added Net: Name=NetRP3_13
Added Pin To Net: NetName=NetRP3_14 Pin=RP3-14
Added Pin To Net: NetName=NetRP3_14 Pin=U3-4
Added Net: Name=NetRP3_14
Added Pin To Net: NetName=NetRP3_15 Pin=RP3-15
Added Pin To Net: NetName=NetRP3_15 Pin=U3-3
Added Net: Name=NetRP3_15
Added Pin To Net: NetName=NetRP3_16 Pin=RP3-16
Added Pin To Net: NetName=NetRP3_16 Pin=U3-2
Added Net: Name=NetRP3_16
Added Pin To Net: NetName=NetU12_2 Pin=U12-2
Added Pin To Net: NetName=NetU12_2 Pin=U13-13
Added Net: Name=NetU12_2
Added Pin To Net: NetName=NetU13_8 Pin=U13-8
Added Pin To Net: NetName=NetU13_8 Pin=U13-12
Added Net: Name=NetU13_8
Added Pin To Net: NetName=POWER_RESET Pin=R15-1
Added Pin To Net: NetName=POWER_RESET Pin=U11-22
Added Pin To Net: NetName=POWER_RESET Pin=U11-28
Added Pin To Net: NetName=POWER_RESET Pin=U13-9
Added Net: Name=POWER_RESET
Added Pin To Net: NetName=PWM1 Pin=J1-1
Added Pin To Net: NetName=PWM1 Pin=RP3-1
Added Net: Name=PWM1
Added Pin To Net: NetName=PWM2 Pin=J1-2
Added Pin To Net: NetName=PWM2 Pin=RP3-2
Added Net: Name=PWM2
Added Pin To Net: NetName=PWM3 Pin=J1-3
Added Pin To Net: NetName=PWM3 Pin=RP3-3
Added Net: Name=PWM3
Added Pin To Net: NetName=PWM4 Pin=J1-4
Added Pin To Net: NetName=PWM4 Pin=RP3-4
Added Net: Name=PWM4
Added Pin To Net: NetName=PWM5 Pin=J1-5
Added Pin To Net: NetName=PWM5 Pin=RP3-5
Added Net: Name=PWM5
Added Pin To Net: NetName=PWM6 Pin=J1-6
Added Pin To Net: NetName=PWM6 Pin=RP3-6
Added Net: Name=PWM6
Added Pin To Net: NetName=PWM7 Pin=J1-7
Added Pin To Net: NetName=PWM7 Pin=RP3-7
Added Net: Name=PWM7
Added Pin To Net: NetName=PWM8 Pin=J1-8
Added Pin To Net: NetName=PWM8 Pin=RP3-8
Added Net: Name=PWM8
Added Pin To Net: NetName=PWM9 Pin=J1-9
Added Pin To Net: NetName=PWM9 Pin=RP2-1
Added Net: Name=PWM9
Added Pin To Net: NetName=PWM10 Pin=J1-10
Added Pin To Net: NetName=PWM10 Pin=RP2-2
Added Net: Name=PWM10
Added Pin To Net: NetName=PWM11 Pin=J1-11
Added Pin To Net: NetName=PWM11 Pin=RP2-3
Added Net: Name=PWM11
Added Pin To Net: NetName=PWM12 Pin=J1-12
Added Pin To Net: NetName=PWM12 Pin=RP2-4
Added Net: Name=PWM12
Added Pin To Net: NetName=RF_IN Pin=JP1-2
Added Pin To Net: NetName=RF_IN Pin=U9-11
Added Net: Name=RF_IN
Added Pin To Net: NetName=SBUS_RX Pin=R14-1
Added Net: Name=SBUS_RX
Added Pin To Net: NetName=SBUS_TX Pin=J1-13
Added Pin To Net: NetName=SBUS_TX Pin=R13-1
Added Net: Name=SBUS_TX
Added Pin To Net: NetName=SCIRXA Pin=J1-16
Added Pin To Net: NetName=SCIRXA Pin=RP2-6
Added Net: Name=SCIRXA
Added Pin To Net: NetName=SCIRXC Pin=J1-18
Added Pin To Net: NetName=SCIRXC Pin=RP2-8
Added Net: Name=SCIRXC
Added Pin To Net: NetName=SCIRXDA1 Pin=RP2-11
Added Pin To Net: NetName=SCIRXDA1 Pin=U4-13
Added Net: Name=SCIRXDA1
Added Pin To Net: NetName=SCIRXDA Pin=U1-145
Added Pin To Net: NetName=SCIRXDA Pin=U4-7
Added Net: Name=SCIRXDA
Added Pin To Net: NetName=SCIRXDB Pin=U1-26
Added Pin To Net: NetName=SCIRXDB Pin=U10-6
Added Net: Name=SCIRXDB
Added Pin To Net: NetName=SCIRXDC1 Pin=RP2-9
Added Pin To Net: NetName=SCIRXDC1 Pin=U4-11
Added Net: Name=SCIRXDC1
Added Pin To Net: NetName=SCIRXDC Pin=U1-113
Added Pin To Net: NetName=SCIRXDC Pin=U4-9
Added Net: Name=SCIRXDC
Added Pin To Net: NetName=SCITXA Pin=J1-15
Added Pin To Net: NetName=SCITXA Pin=RP2-5
Added Net: Name=SCITXA
Added Pin To Net: NetName=SCITXC Pin=J1-17
Added Pin To Net: NetName=SCITXC Pin=RP2-7
Added Net: Name=SCITXC
Added Pin To Net: NetName=SCITXDA Pin=U1-148
Added Pin To Net: NetName=SCITXDA Pin=U4-14
Added Net: Name=SCITXDA
Added Pin To Net: NetName=SCITXDB Pin=U1-25
Added Pin To Net: NetName=SCITXDB Pin=U10-5
Added Net: Name=SCITXDB
Added Pin To Net: NetName=SCITXDC Pin=U1-114
Added Pin To Net: NetName=SCITXDC Pin=U4-12
Added Net: Name=SCITXDC
Added Pin To Net: NetName=SCLA Pin=U1-75
Added Pin To Net: NetName=SCLA Pin=U6-6
Added Net: Name=SCLA
Added Pin To Net: NetName=SCL Pin=J1-24
Added Pin To Net: NetName=SCL Pin=U6-3
Added Net: Name=SCL
Added Pin To Net: NetName=SDAA Pin=U1-74
Added Pin To Net: NetName=SDAA Pin=U6-7
Added Net: Name=SDAA
Added Pin To Net: NetName=SDA Pin=J1-23
Added Pin To Net: NetName=SDA Pin=U6-2
Added Net: Name=SDA
Added Pin To Net: NetName=SDCARD_CS Pin=RP1-4
Added Pin To Net: NetName=SDCARD_CS Pin=U7-2
Added Net: Name=SDCARD_CS
Added Pin To Net: NetName=SDCARD_MISO Pin=RP1-2
Added Pin To Net: NetName=SDCARD_MISO Pin=U7-7
Added Net: Name=SDCARD_MISO
Added Pin To Net: NetName=SDCARD_MOSI Pin=RP1-1
Added Pin To Net: NetName=SDCARD_MOSI Pin=U7-3
Added Net: Name=SDCARD_MOSI
Added Pin To Net: NetName=SDCARD_SCLK Pin=RP1-3
Added Pin To Net: NetName=SDCARD_SCLK Pin=U7-5
Added Net: Name=SDCARD_SCLK
Added Pin To Net: NetName=SKY_SPEED_SENSE Pin=R28-1
Added Pin To Net: NetName=SKY_SPEED_SENSE Pin=U1-39
Added Net: Name=SKY_SPEED_SENSE
Added Pin To Net: NetName=T\R\S\T\ Pin=J1-27
Added Pin To Net: NetName=T\R\S\T\ Pin=R29-2
Added Pin To Net: NetName=T\R\S\T\ Pin=U1-78
Added Net: Name=T\R\S\T\
Added Pin To Net: NetName=TCK Pin=J1-31
Added Pin To Net: NetName=TCK Pin=R30-2
Added Pin To Net: NetName=TCK Pin=U1-87
Added Net: Name=TCK
Added Pin To Net: NetName=TDI Pin=J1-25
Added Pin To Net: NetName=TDI Pin=U1-76
Added Net: Name=TDI
Added Pin To Net: NetName=TDO Pin=J1-26
Added Pin To Net: NetName=TDO Pin=U1-77
Added Net: Name=TDO
Added Pin To Net: NetName=TEMP_DQ Pin=R7-2
Added Pin To Net: NetName=TEMP_DQ Pin=U1-1
Added Pin To Net: NetName=TEMP_DQ Pin=U2-2
Added Net: Name=TEMP_DQ
Added Pin To Net: NetName=TMS Pin=J1-28
Added Pin To Net: NetName=TMS Pin=U1-79
Added Net: Name=TMS
Added Pin To Net: NetName=V5 Pin=FB2-1
Added Pin To Net: NetName=V5 Pin=J1-39
Added Pin To Net: NetName=V5 Pin=J1-40
Added Net: Name=V5
Added Pin To Net: NetName=VCC3V3 Pin=C38-2
Added Pin To Net: NetName=VCC3V3 Pin=FB3-2
Added Pin To Net: NetName=VCC3V3 Pin=FB4-1
Added Pin To Net: NetName=VCC3V3 Pin=U7-4
Added Pin To Net: NetName=VCC3V3 Pin=U9-23
Added Net: Name=VCC3V3
Added Pin To Net: NetName=VCC_RF Pin=C37-1
Added Pin To Net: NetName=VCC_RF Pin=FB4-2
Added Pin To Net: NetName=VCC_RF Pin=U9-9
Added Net: Name=VCC_RF
Added Pin To Net: NetName=VDD1V9 Pin=C1-1
Added Pin To Net: NetName=VDD1V9 Pin=C4-1
Added Pin To Net: NetName=VDD1V9 Pin=C5-1
Added Pin To Net: NetName=VDD1V9 Pin=C7-1
Added Pin To Net: NetName=VDD1V9 Pin=C9-1
Added Pin To Net: NetName=VDD1V9 Pin=C12-1
Added Pin To Net: NetName=VDD1V9 Pin=C14-1
Added Pin To Net: NetName=VDD1V9 Pin=C16-1
Added Pin To Net: NetName=VDD1V9 Pin=C17-1
Added Pin To Net: NetName=VDD1V9 Pin=C18-1
Added Pin To Net: NetName=VDD1V9 Pin=C20-1
Added Pin To Net: NetName=VDD1V9 Pin=C21-1
Added Pin To Net: NetName=VDD1V9 Pin=C22-1
Added Pin To Net: NetName=VDD1V9 Pin=C44-1
Added Pin To Net: NetName=VDD1V9 Pin=C45-2
Added Pin To Net: NetName=VDD1V9 Pin=R16-1
Added Pin To Net: NetName=VDD1V9 Pin=U1-4
Added Pin To Net: NetName=VDD1V9 Pin=U1-15
Added Pin To Net: NetName=VDD1V9 Pin=U1-23
Added Pin To Net: NetName=VDD1V9 Pin=U1-29
Added Pin To Net: NetName=VDD1V9 Pin=U1-31
Added Pin To Net: NetName=VDD1V9 Pin=U1-59
Added Pin To Net: NetName=VDD1V9 Pin=U1-61
Added Pin To Net: NetName=VDD1V9 Pin=U1-101
Added Pin To Net: NetName=VDD1V9 Pin=U1-109
Added Pin To Net: NetName=VDD1V9 Pin=U1-117
Added Pin To Net: NetName=VDD1V9 Pin=U1-126
Added Pin To Net: NetName=VDD1V9 Pin=U1-139
Added Pin To Net: NetName=VDD1V9 Pin=U1-146
Added Pin To Net: NetName=VDD1V9 Pin=U1-154
Added Pin To Net: NetName=VDD1V9 Pin=U1-167
Added Pin To Net: NetName=VDD1V9 Pin=U11-23
Added Pin To Net: NetName=VDD1V9 Pin=U11-24
Added Net: Name=VDD1V9
Added Pin To Net: NetName=VDD3V3 Pin=C2-1
Added Pin To Net: NetName=VDD3V3 Pin=C3-1
Added Pin To Net: NetName=VDD3V3 Pin=C6-1
Added Pin To Net: NetName=VDD3V3 Pin=C8-1
Added Pin To Net: NetName=VDD3V3 Pin=C10-1
Added Pin To Net: NetName=VDD3V3 Pin=C11-1
Added Pin To Net: NetName=VDD3V3 Pin=C13-1
Added Pin To Net: NetName=VDD3V3 Pin=C15-1
Added Pin To Net: NetName=VDD3V3 Pin=C19-1
Added Pin To Net: NetName=VDD3V3 Pin=C28-2
Added Pin To Net: NetName=VDD3V3 Pin=C31-2
Added Pin To Net: NetName=VDD3V3 Pin=C32-2
Added Pin To Net: NetName=VDD3V3 Pin=C33-2
Added Pin To Net: NetName=VDD3V3 Pin=C34-2
Added Pin To Net: NetName=VDD3V3 Pin=C35-2
Added Pin To Net: NetName=VDD3V3 Pin=C39-1
Added Pin To Net: NetName=VDD3V3 Pin=C42-2
Added Pin To Net: NetName=VDD3V3 Pin=C43-1
Added Pin To Net: NetName=VDD3V3 Pin=C46-2
Added Pin To Net: NetName=VDD3V3 Pin=FB3-1
Added Pin To Net: NetName=VDD3V3 Pin=LED1-1
Added Pin To Net: NetName=VDD3V3 Pin=LED2-1
Added Pin To Net: NetName=VDD3V3 Pin=LED3-1
Added Pin To Net: NetName=VDD3V3 Pin=Q1-2
Added Pin To Net: NetName=VDD3V3 Pin=R5-2
Added Pin To Net: NetName=VDD3V3 Pin=R7-1
Added Pin To Net: NetName=VDD3V3 Pin=R8-2
Added Pin To Net: NetName=VDD3V3 Pin=R9-2
Added Pin To Net: NetName=VDD3V3 Pin=R11-1
Added Pin To Net: NetName=VDD3V3 Pin=R15-2
Added Pin To Net: NetName=VDD3V3 Pin=R18-2
Added Pin To Net: NetName=VDD3V3 Pin=R19-2
Added Pin To Net: NetName=VDD3V3 Pin=R20-2
Added Pin To Net: NetName=VDD3V3 Pin=R30-1
Added Pin To Net: NetName=VDD3V3 Pin=R31-1
Added Pin To Net: NetName=VDD3V3 Pin=R32-1
Added Pin To Net: NetName=VDD3V3 Pin=U1-9
Added Pin To Net: NetName=VDD3V3 Pin=U1-34
Added Pin To Net: NetName=VDD3V3 Pin=U1-45
Added Pin To Net: NetName=VDD3V3 Pin=U1-71
Added Pin To Net: NetName=VDD3V3 Pin=U1-84
Added Pin To Net: NetName=VDD3V3 Pin=U1-93
Added Pin To Net: NetName=VDD3V3 Pin=U1-107
Added Pin To Net: NetName=VDD3V3 Pin=U1-121
Added Pin To Net: NetName=VDD3V3 Pin=U1-143
Added Pin To Net: NetName=VDD3V3 Pin=U1-159
Added Pin To Net: NetName=VDD3V3 Pin=U1-170
Added Pin To Net: NetName=VDD3V3 Pin=U2-3
Added Pin To Net: NetName=VDD3V3 Pin=U3-20
Added Pin To Net: NetName=VDD3V3 Pin=U4-20
Added Pin To Net: NetName=VDD3V3 Pin=U5-8
Added Pin To Net: NetName=VDD3V3 Pin=U6-8
Added Pin To Net: NetName=VDD3V3 Pin=U8-5
Added Pin To Net: NetName=VDD3V3 Pin=U10-8
Added Pin To Net: NetName=VDD3V3 Pin=U11-17
Added Pin To Net: NetName=VDD3V3 Pin=U11-18
Added Pin To Net: NetName=VDD3V3 Pin=U12-4
Added Pin To Net: NetName=VDD3V3 Pin=U13-14
Added Net: Name=VDD3V3
Added Pin To Net: NetName=VDD5 Pin=C29-2
Added Pin To Net: NetName=VDD5 Pin=C30-2
Added Pin To Net: NetName=VDD5 Pin=C36-2
Added Pin To Net: NetName=VDD5 Pin=C40-2
Added Pin To Net: NetName=VDD5 Pin=C41-2
Added Pin To Net: NetName=VDD5 Pin=C47-2
Added Pin To Net: NetName=VDD5 Pin=FB2-2
Added Pin To Net: NetName=VDD5 Pin=U5-1
Added Pin To Net: NetName=VDD5 Pin=U6-1
Added Pin To Net: NetName=VDD5 Pin=U8-3
Added Pin To Net: NetName=VDD5 Pin=U11-5
Added Pin To Net: NetName=VDD5 Pin=U11-6
Added Pin To Net: NetName=VDD5 Pin=U11-11
Added Pin To Net: NetName=VDD5 Pin=U11-12
Added Pin To Net: NetName=VDD5 Pin=U14-2
Added Pin To Net: NetName=VDD5 Pin=VDR1-2
Added Net: Name=VDD5
Added Pin To Net: NetName=XCLOUT Pin=U1-138
Added Net: Name=XCLOUT
Added Class: Name=AD
Added Class: Name=F28335
Added Class: Name=GPS
Added Class: Name=IO
Added Class: Name=POWER
Added Class: Name=PWM&CAN&SD
Added Class: Name=SBUS
Added Room: Name=AD
Added Room: Name=F28335
Added Room: Name=GPS
Added Room: Name=IO
Added Room: Name=POWER
Added Room: Name=PWM&CAN&SD
Added Room: Name=SBUS
