Added Component: Designator=J?(FPC0.5-42)
Added Component: Designator=J?(FPC0.5-42)
Added Component: Designator=J?(FPC0.5-42)
Added Component: Designator=J?(FPC0.5-42)
Added Pin To Net: NetName=PWM1 Pin=J?-1
Added Pin To Net: NetName=PWM2 Pin=J?-2
Added Pin To Net: NetName=PWM3 Pin=J?-3
Added Pin To Net: NetName=PWM4 Pin=J?-4
Added Pin To Net: NetName=PWM5 Pin=J?-5
Added Pin To Net: NetName=PWM6 Pin=J?-6
Added Pin To Net: NetName=PWM7 Pin=J?-7
Added Pin To Net: NetName=PWM8 Pin=J?-8
Added Pin To Net: NetName=PWM9 Pin=J?-9
Added Pin To Net: NetName=PWM10 Pin=J?-10
Added Pin To Net: NetName=PWM11 Pin=J?-11
Added Pin To Net: NetName=PWM12 Pin=J?-12
Added Pin To Net: NetName=SBUS_TX Pin=J?-13
Added Pin To Net: NetName=SBUS_RX Pin=J?-14
Added Pin To Net: NetName=SCITXA Pin=J?-15
Added Pin To Net: NetName=SCIRXA Pin=J?-16
Added Pin To Net: NetName=SCITXC Pin=J?-17
Added Pin To Net: NetName=SCIRXC Pin=J?-18
Added Pin To Net: NetName=ISENSOR_SIMO Pin=J?-19
Added Pin To Net: NetName=ISENSOR_SOMI Pin=J?-20
Added Pin To Net: NetName=ISENSOR_CLK Pin=J?-21
Added Pin To Net: NetName=I\S\E\N\S\O\R\_\C\S\ Pin=J?-22
Added Pin To Net: NetName=SDA Pin=J?-23
Added Pin To Net: NetName=SCL Pin=J?-24
Added Pin To Net: NetName=TDI Pin=J?-25
Added Pin To Net: NetName=TDO Pin=J?-26
Added Pin To Net: NetName=T\R\S\T\ Pin=J?-27
Added Pin To Net: NetName=TMS Pin=J?-28
Added Pin To Net: NetName=EMU0 Pin=J?-29
Added Pin To Net: NetName=EMU1 Pin=J?-30
Added Pin To Net: NetName=TCK Pin=J?-31
Added Pin To Net: NetName=CAP1 Pin=J?-32
Added Pin To Net: NetName=CAP2 Pin=J?-33
Added Pin To Net: NetName=BAT_CURRENT_SENSE Pin=J?-34
Added Pin To Net: NetName=BAT6S_VOLT_SENSE Pin=J?-35
Added Pin To Net: NetName=BAT2S_VOLT Pin=J?-36
Added Pin To Net: NetName=CANTH Pin=J?-37
Added Pin To Net: NetName=CANTL Pin=J?-38
Added Pin To Net: NetName=GND Pin=J?-39
Added Pin To Net: NetName=GND Pin=J?-40
Added Pin To Net: NetName=V5 Pin=J?-40
Added Member To Class: ClassName=IO Member=Component J? HEAD1X42/4-1734592-2
Added Room: Name=IO
