Change Component Designator: Old Designator=C? New Designator=C39
Change Component Designator: Old Designator=C? New Designator=C40
Change Component Designator: Old Designator=C? New Designator=C41
Change Component Designator: Old Designator=C? New Designator=C42
Change Component Designator: Old Designator=C? New Designator=C43
Change Component Designator: Old Designator=C? New Designator=C44
Change Component Designator: Old Designator=C? New Designator=C45
Change Component Designator: Old Designator=C? New Designator=C46
Change Component Designator: Old Designator=C? New Designator=C47
Change Component Designator: Old Designator=C? New Designator=C48
Change Component Designator: Old Designator=C? New Designator=C49
Change Component Designator: Old Designator=D? New Designator=D2
Change Component Designator: Old Designator=D? New Designator=D3
Change Component Designator: Old Designator=K? New Designator=K1
Change Component Designator: Old Designator=L? New Designator=L2
Change Component Designator: Old Designator=LED? New Designator=LED2
Change Component Designator: Old Designator=PTC? New Designator=PTC1
Change Component Designator: Old Designator=PTC? New Designator=PTC2
Change Component Designator: Old Designator=R? New Designator=R9
Change Component Designator: Old Designator=R? New Designator=R10
Change Component Designator: Old Designator=R? New Designator=R11
Change Component Designator: Old Designator=R? New Designator=R12
Change Component Designator: Old Designator=R? New Designator=R13
Change Component Designator: Old Designator=R? New Designator=R14
Change Component Designator: Old Designator=R? New Designator=R15
Change Component Designator: Old Designator=R? New Designator=R16
Change Component Designator: Old Designator=R? New Designator=R17
Change Component Designator: Old Designator=SW? New Designator=SW1
Change Component Designator: Old Designator=U? New Designator=U11
Change Component Part ID : Designator=U11 Old Part ID =1 New Part ID =4
Change Component Designator: Old Designator=U? New Designator=U13
Change Component Part ID : Designator=U13 Old Part ID =2 New Part ID =1
Change Component Designator: Old Designator=U? New Designator=U11
Change Component Part ID : Designator=U11 Old Part ID =3 New Part ID =1
Change Component Designator: Old Designator=U? New Designator=U11
Change Component Part ID : Designator=U11 Old Part ID =4 New Part ID =3
Change Component Designator: Old Designator=U? New Designator=U11
Change Component Part ID : Designator=U11 Old Part ID =5 New Part ID =2
Change Component Designator: Old Designator=U? New Designator=U12
Change Component Designator: Old Designator=U? New Designator=U14
Change Component Designator: Old Designator=U? New Designator=U15
