Change Component Designator: Old Designator=C43 New Designator=C40
Change Component Designator: Old Designator=C44 New Designator=C41
Change Component Designator: Old Designator=C48 New Designator=C42
Change Component Designator: Old Designator=C49 New Designator=C43
Change Component Designator: Old Designator=C50 New Designator=C45
Change Component Designator: Old Designator=C51 New Designator=C44
Change Component Designator: Old Designator=C52 New Designator=C46
Change Component Designator: Old Designator=FB8 New Designator=FB2
Change Component Designator: Old Designator=FB8 New Designator=FB3
Change Component Designator: Old Designator=FB8 New Designator=FB4
Change Component Designator: Old Designator=R16 New Designator=R15
Change Component Designator: Old Designator=R17 New Designator=R16
Change Component Designator: Old Designator=R18 New Designator=R17
Change Component Designator: Old Designator=R20 New Designator=R18
Change Component Designator: Old Designator=R22 New Designator=R19
Change Component Designator: Old Designator=R23 New Designator=R20
Change Component Designator: Old Designator=U13 New Designator=U11
Change Component Designator: Old Designator=U14 New Designator=U12
Change Component Designator: Old Designator=U15 New Designator=U13
Change Component Designator: Old Designator=U15 New Designator=U13
Change Component Designator: Old Designator=U15 New Designator=U13
Change Component Designator: Old Designator=U15 New Designator=U13
Change Component Designator: Old Designator=U15 New Designator=U13
Change Component Designator: Old Designator=VDR8 New Designator=VDR1
