Change Component Designator: Old Designator=C39 New Designator=C43
Change Component Designator: Old Designator=C40 New Designator=C44
Change Component Designator: Old Designator=C42 New Designator=C50
Change Component Designator: Old Designator=C43 New Designator=C51
Change Component Designator: Old Designator=C44 New Designator=C48
Change Component Designator: Old Designator=C45 New Designator=C49
Change Component Designator: Old Designator=C46 New Designator=C52
Change Component Designator: Old Designator=C48 New Designator=C45
Change Component Designator: Old Designator=C48 New Designator=C46
Change Component Designator: Old Designator=C49 New Designator=C42
Change Component Designator: Old Designator=FB? New Designator=FB8
Change Component Designator: Old Designator=FB? New Designator=FB9
Change Component Designator: Old Designator=R9 New Designator=R14
Change Component Designator: Old Designator=R10 New Designator=R16
Change Component Designator: Old Designator=R11 New Designator=R15
Change Component Designator: Old Designator=R12 New Designator=R19
Change Component Designator: Old Designator=R13 New Designator=R21
Change Component Designator: Old Designator=R14 New Designator=R17
Change Component Designator: Old Designator=R15 New Designator=R18
Change Component Designator: Old Designator=R16 New Designator=R20
Change Component Designator: Old Designator=R17 New Designator=R11
Change Component Designator: Old Designator=R17 New Designator=R12
Change Component Designator: Old Designator=R17 New Designator=R13
Change Component Designator: Old Designator=U11 New Designator=U15
Change Component Part ID : Designator=U15 Old Part ID =1 New Part ID =2
Change Component Designator: Old Designator=U11 New Designator=U15
Change Component Part ID : Designator=U15 Old Part ID =2 New Part ID =1
Change Component Designator: Old Designator=U11 New Designator=U15
Change Component Designator: Old Designator=U11 New Designator=U15
Change Component Designator: Old Designator=U11 New Designator=U15
Change Component Designator: Old Designator=U12 New Designator=U13
Change Component Designator: Old Designator=U13 New Designator=U14
Change Component Designator: Old Designator=U14 New Designator=U11
Change Component Designator: Old Designator=U? New Designator=U12
Change Component Designator: Old Designator=VDR? New Designator=VDR8
