Change Component Designator: Old Designator=C41 New Designator=C1
Change Component Designator: Old Designator=D? New Designator=D1
Change Component Designator: Old Designator=FB1 New Designator=FB5
Change Component Designator: Old Designator=FB3 New Designator=FB4
Change Component Designator: Old Designator=FB4 New Designator=FB8
Change Component Designator: Old Designator=FB5 New Designator=FB7
Change Component Designator: Old Designator=FB6 New Designator=FB3
Change Component Designator: Old Designator=FB7 New Designator=FB6
Change Component Designator: Old Designator=FB8 New Designator=FB1
Change Component Designator: Old Designator=J2 New Designator=J3
Change Component Designator: Old Designator=J3 New Designator=J7
Change Component Designator: Old Designator=J4 New Designator=J1
Change Component Designator: Old Designator=J5 New Designator=J6
Change Component Designator: Old Designator=J6 New Designator=J10
Change Component Designator: Old Designator=J7 New Designator=J2
Change Component Designator: Old Designator=J8 New Designator=J4
Change Component Designator: Old Designator=J9 New Designator=J8
Change Component Designator: Old Designator=J10 New Designator=J9
Change Component Designator: Old Designator=J? New Designator=J5
Change Component Designator: Old Designator=J? New Designator=J12
Change Component Designator: Old Designator=J? New Designator=J13
Change Component Designator: Old Designator=J? New Designator=J5
Change Component Designator: Old Designator=J? New Designator=J12
Change Component Designator: Old Designator=J? New Designator=J13
Change Component Designator: Old Designator=J? New Designator=J5
Change Component Designator: Old Designator=J? New Designator=J12
Change Component Designator: Old Designator=J? New Designator=J13
Change Component Designator: Old Designator=J? New Designator=J12
Change Component Designator: Old Designator=J? New Designator=J13
Change Component Designator: Old Designator=R12 New Designator=R1
Change Component Designator: Old Designator=VDR1 New Designator=VDR6
Change Component Designator: Old Designator=VDR2 New Designator=VDR5
Change Component Designator: Old Designator=VDR3 New Designator=VDR10
Change Component Designator: Old Designator=VDR4 New Designator=VDR1
Change Component Designator: Old Designator=VDR5 New Designator=VDR9
Change Component Designator: Old Designator=VDR6 New Designator=VDR4
Change Component Designator: Old Designator=VDR8 New Designator=VDR2
Change Component Designator: Old Designator=VDR8 New Designator=VDR3
