Added Component: Designator=C1(10*10/G/470uF)
Added Component: Designator=D1(SMB/DO-214AA)
Added Component: Designator=FB1(0603-FB)
Added Component: Designator=FB2(0603-FB)
Added Component: Designator=FB3(0603-FB)
Added Component: Designator=FB4(0603-FB)
Added Component: Designator=FB5(0603-FB)
Added Component: Designator=FB6(0603-FB)
Added Component: Designator=FB7(0603-FB)
Added Component: Designator=FB8(0603-FB)
Added Component: Designator=J1(GH1.25-4)
Added Component: Designator=J2(SIP3)
Added Component: Designator=J3(GH1.25-6)
Added Component: Designator=J4(SIP3)
Added Component: Designator=J5(3X13RA)
Added Component: Designator=J6(GH1.25-4)
Added Component: Designator=J7(GH1.25-6)
Added Component: Designator=J8(SIP3)
Added Component: Designator=J9(SIP3)
Added Component: Designator=J10(GH1.25-4)
Added Component: Designator=J11(IDC14)
Added Component: Designator=J12(FPC0.5-42)
Added Component: Designator=J13(FPC0.5-42)
Added Component: Designator=PTC1(1210)
Added Component: Designator=R1(0603R)
Added Component: Designator=VDR1(0603R)
Added Component: Designator=VDR4(0603R)
Added Component: Designator=VDR5(0603R)
Added Component: Designator=VDR6(0603R)
Added Component: Designator=VDR7(0603R)
Added Component: Designator=VDR8(0603R)
Added Component: Designator=VDR9(0603R)
Added Component: Designator=VDR10(0603R)
Added Pin To Net: NetName=V5V3 Pin=C1-1
Added Pin To Net: NetName=GND Pin=C1-2
Added Pin To Net: NetName=V5V3 Pin=D1-1
Added Pin To Net: NetName=V5 Pin=D1-2
Added Pin To Net: NetName=NetFB1_1 Pin=FB1-1
Added Pin To Net: NetName=VDD5_PERIPH Pin=FB1-2
Added Pin To Net: NetName=NetFB2_1 Pin=FB2-1
Added Pin To Net: NetName=VDD5_PERIPH Pin=FB2-2
Added Pin To Net: NetName=NetFB3_1 Pin=FB3-1
Added Pin To Net: NetName=VDD5_PERIPH Pin=FB3-2
Added Pin To Net: NetName=NetFB4_1 Pin=FB4-1
Added Pin To Net: NetName=VDD5_PERIPH Pin=FB4-2
Added Pin To Net: NetName=NetFB5_1 Pin=FB5-1
Added Pin To Net: NetName=VDD5_PERIPH Pin=FB5-2
Added Pin To Net: NetName=NetFB6_1 Pin=FB6-1
Added Pin To Net: NetName=VDD5_PERIPH Pin=FB6-2
Added Pin To Net: NetName=NetFB7_1 Pin=FB7-1
Added Pin To Net: NetName=VDD5_PERIPH Pin=FB7-2
Added Pin To Net: NetName=NetFB8_1 Pin=FB8-1
Added Pin To Net: NetName=VDD5_PERIPH Pin=FB8-2
Added Pin To Net: NetName=NetFB2_1 Pin=J1-1
Added Pin To Net: NetName=CANTH Pin=J1-2
Added Pin To Net: NetName=CANTL Pin=J1-3
Added Pin To Net: NetName=GND Pin=J1-4
Added Pin To Net: NetName=SCIRXA Pin=J2-1
Added Pin To Net: NetName=SCITXA Pin=J2-2
Added Pin To Net: NetName=GND Pin=J2-3
Added Pin To Net: NetName=V5V3 Pin=J3-1
Added Pin To Net: NetName=V5V3 Pin=J3-2
Added Pin To Net: NetName=BAT_CURRENT_SENSE Pin=J3-3
Added Pin To Net: NetName=BAT6S_VOLT_SENSE Pin=J3-4
Added Pin To Net: NetName=GND Pin=J3-5
Added Pin To Net: NetName=GND Pin=J3-6
Added Pin To Net: NetName=CAP1 Pin=J4-1
Added Pin To Net: NetName=NetFB3_1 Pin=J4-2
Added Pin To Net: NetName=GND Pin=J4-3
Added Pin To Net: NetName=PWM1 Pin=J5-1
Added Pin To Net: NetName=BAT2S_VOLT Pin=J5-2
Added Pin To Net: NetName=GND Pin=J5-3
Added Pin To Net: NetName=PWM2 Pin=J5-4
Added Pin To Net: NetName=BAT2S_VOLT Pin=J5-5
Added Pin To Net: NetName=GND Pin=J5-6
Added Pin To Net: NetName=PWM3 Pin=J5-7
Added Pin To Net: NetName=BAT2S_VOLT Pin=J5-8
Added Pin To Net: NetName=GND Pin=J5-9
Added Pin To Net: NetName=PWM4 Pin=J5-10
Added Pin To Net: NetName=BAT2S_VOLT Pin=J5-11
Added Pin To Net: NetName=GND Pin=J5-12
Added Pin To Net: NetName=PWM5 Pin=J5-13
Added Pin To Net: NetName=BAT2S_VOLT Pin=J5-14
Added Pin To Net: NetName=GND Pin=J5-15
Added Pin To Net: NetName=PWM6 Pin=J5-16
Added Pin To Net: NetName=BAT2S_VOLT Pin=J5-17
Added Pin To Net: NetName=GND Pin=J5-18
Added Pin To Net: NetName=PWM7 Pin=J5-19
Added Pin To Net: NetName=BAT2S_VOLT Pin=J5-20
Added Pin To Net: NetName=GND Pin=J5-21
Added Pin To Net: NetName=PWM8 Pin=J5-22
Added Pin To Net: NetName=BAT2S_VOLT Pin=J5-23
Added Pin To Net: NetName=GND Pin=J5-24
Added Pin To Net: NetName=PWM9 Pin=J5-25
Added Pin To Net: NetName=BAT2S_VOLT Pin=J5-26
Added Pin To Net: NetName=GND Pin=J5-27
Added Pin To Net: NetName=PWM10 Pin=J5-28
Added Pin To Net: NetName=BAT2S_VOLT Pin=J5-29
Added Pin To Net: NetName=GND Pin=J5-30
Added Pin To Net: NetName=PWM11 Pin=J5-31
Added Pin To Net: NetName=BAT2S_VOLT Pin=J5-32
Added Pin To Net: NetName=GND Pin=J5-33
Added Pin To Net: NetName=PWM12 Pin=J5-34
Added Pin To Net: NetName=BAT2S_VOLT Pin=J5-35
Added Pin To Net: NetName=GND Pin=J5-36
Added Pin To Net: NetName=SBUS_TX Pin=J5-37
Added Pin To Net: NetName=BAT2S_VOLT Pin=J5-38
Added Pin To Net: NetName=GND Pin=J5-39
Added Pin To Net: NetName=SDA Pin=J6-1
Added Pin To Net: NetName=SCL Pin=J6-2
Added Pin To Net: NetName=NetFB4_1 Pin=J6-3
Added Pin To Net: NetName=GND Pin=J6-4
Added Pin To Net: NetName=ISENSOR_SIMO Pin=J7-1
Added Pin To Net: NetName=ISENSOR_SOMI Pin=J7-2
Added Pin To Net: NetName=ISENSOR_CLK Pin=J7-3
Added Pin To Net: NetName=I\S\E\N\S\O\R\_\C\S\ Pin=J7-4
Added Pin To Net: NetName=GND Pin=J7-5
Added Pin To Net: NetName=NetFB5_1 Pin=J7-6
Added Pin To Net: NetName=SBUS_RX Pin=J8-1
Added Pin To Net: NetName=NetFB6_1 Pin=J8-2
Added Pin To Net: NetName=GND Pin=J8-3
Added Pin To Net: NetName=CAP2 Pin=J9-1
Added Pin To Net: NetName=NetFB7_1 Pin=J9-2
Added Pin To Net: NetName=GND Pin=J9-3
Added Pin To Net: NetName=SCIRXC Pin=J10-1
Added Pin To Net: NetName=SCITXC Pin=J10-2
Added Pin To Net: NetName=NetFB8_1 Pin=J10-3
Added Pin To Net: NetName=GND Pin=J10-4
Added Pin To Net: NetName=TMS Pin=J11-1
Added Pin To Net: NetName=T\R\S\T\ Pin=J11-2
Added Pin To Net: NetName=TDI Pin=J11-3
Added Pin To Net: NetName=GND Pin=J11-4
Added Pin To Net: NetName=VDD5_PERIPH Pin=J11-5
Added Pin To Net: NetName=TDO Pin=J11-7
Added Pin To Net: NetName=GND Pin=J11-8
Added Pin To Net: NetName=TCK Pin=J11-9
Added Pin To Net: NetName=GND Pin=J11-10
Added Pin To Net: NetName=TCK Pin=J11-11
Added Pin To Net: NetName=GND Pin=J11-12
Added Pin To Net: NetName=EMU0 Pin=J11-13
Added Pin To Net: NetName=EMU1 Pin=J11-14
Added Pin To Net: NetName=PWM1 Pin=J12-1
Added Pin To Net: NetName=PWM2 Pin=J12-2
Added Pin To Net: NetName=PWM3 Pin=J12-3
Added Pin To Net: NetName=PWM4 Pin=J12-4
Added Pin To Net: NetName=PWM5 Pin=J12-5
Added Pin To Net: NetName=PWM6 Pin=J12-6
Added Pin To Net: NetName=PWM7 Pin=J12-7
Added Pin To Net: NetName=PWM8 Pin=J12-8
Added Pin To Net: NetName=PWM9 Pin=J12-9
Added Pin To Net: NetName=PWM10 Pin=J12-10
Added Pin To Net: NetName=PWM11 Pin=J12-11
Added Pin To Net: NetName=PWM12 Pin=J12-12
Added Pin To Net: NetName=SBUS_TX Pin=J12-13
Added Pin To Net: NetName=SBUS_RX Pin=J12-14
Added Pin To Net: NetName=SCITXA Pin=J12-15
Added Pin To Net: NetName=SCIRXA Pin=J12-16
Added Pin To Net: NetName=SCITXC Pin=J12-17
Added Pin To Net: NetName=SCIRXC Pin=J12-18
Added Pin To Net: NetName=ISENSOR_SIMO Pin=J12-19
Added Pin To Net: NetName=ISENSOR_SOMI Pin=J12-20
Added Pin To Net: NetName=ISENSOR_CLK Pin=J12-21
Added Pin To Net: NetName=I\S\E\N\S\O\R\_\C\S\ Pin=J12-22
Added Pin To Net: NetName=SDA Pin=J12-23
Added Pin To Net: NetName=SCL Pin=J12-24
Added Pin To Net: NetName=TDI Pin=J12-25
Added Pin To Net: NetName=TDO Pin=J12-26
Added Pin To Net: NetName=T\R\S\T\ Pin=J12-27
Added Pin To Net: NetName=TMS Pin=J12-28
Added Pin To Net: NetName=EMU0 Pin=J12-29
Added Pin To Net: NetName=EMU1 Pin=J12-30
Added Pin To Net: NetName=TCK Pin=J12-31
Added Pin To Net: NetName=CAP1 Pin=J12-32
Added Pin To Net: NetName=CAP2 Pin=J12-33
Added Pin To Net: NetName=BAT_CURRENT_SENSE Pin=J12-34
Added Pin To Net: NetName=BAT6S_VOLT_SENSE Pin=J12-35
Added Pin To Net: NetName=BAT2S_VOLT Pin=J12-36
Added Pin To Net: NetName=CANTH Pin=J12-37
Added Pin To Net: NetName=CANTL Pin=J12-38
Added Pin To Net: NetName=GND Pin=J12-39
Added Pin To Net: NetName=GND Pin=J12-40
Added Pin To Net: NetName=VDD5_PERIPH Pin=J12-41
Added Pin To Net: NetName=VDD5_PERIPH Pin=J12-42
Added Pin To Net: NetName=VDD5_PERIPH Pin=J13-1
Added Pin To Net: NetName=VDD5_PERIPH Pin=J13-2
Added Pin To Net: NetName=GND Pin=J13-3
Added Pin To Net: NetName=GND Pin=J13-4
Added Pin To Net: NetName=CANTL Pin=J13-5
Added Pin To Net: NetName=CANTH Pin=J13-6
Added Pin To Net: NetName=BAT2S_VOLT Pin=J13-7
Added Pin To Net: NetName=BAT6S_VOLT_SENSE Pin=J13-8
Added Pin To Net: NetName=BAT_CURRENT_SENSE Pin=J13-9
Added Pin To Net: NetName=CAP2 Pin=J13-10
Added Pin To Net: NetName=CAP1 Pin=J13-11
Added Pin To Net: NetName=TCK Pin=J13-12
Added Pin To Net: NetName=EMU1 Pin=J13-13
Added Pin To Net: NetName=EMU0 Pin=J13-14
Added Pin To Net: NetName=TMS Pin=J13-15
Added Pin To Net: NetName=T\R\S\T\ Pin=J13-16
Added Pin To Net: NetName=TDO Pin=J13-17
Added Pin To Net: NetName=TDI Pin=J13-18
Added Pin To Net: NetName=SCL Pin=J13-19
Added Pin To Net: NetName=SDA Pin=J13-20
Added Pin To Net: NetName=I\S\E\N\S\O\R\_\C\S\ Pin=J13-21
Added Pin To Net: NetName=ISENSOR_CLK Pin=J13-22
Added Pin To Net: NetName=ISENSOR_SOMI Pin=J13-23
Added Pin To Net: NetName=ISENSOR_SIMO Pin=J13-24
Added Pin To Net: NetName=SCIRXC Pin=J13-25
Added Pin To Net: NetName=SCITXC Pin=J13-26
Added Pin To Net: NetName=SCIRXA Pin=J13-27
Added Pin To Net: NetName=SCITXA Pin=J13-28
Added Pin To Net: NetName=SBUS_RX Pin=J13-29
Added Pin To Net: NetName=SBUS_TX Pin=J13-30
Added Pin To Net: NetName=PWM12 Pin=J13-31
Added Pin To Net: NetName=PWM11 Pin=J13-32
Added Pin To Net: NetName=PWM10 Pin=J13-33
Added Pin To Net: NetName=PWM9 Pin=J13-34
Added Pin To Net: NetName=PWM8 Pin=J13-35
Added Pin To Net: NetName=PWM7 Pin=J13-36
Added Pin To Net: NetName=PWM6 Pin=J13-37
Added Pin To Net: NetName=PWM5 Pin=J13-38
Added Pin To Net: NetName=PWM4 Pin=J13-39
Added Pin To Net: NetName=PWM3 Pin=J13-40
Added Pin To Net: NetName=PWM2 Pin=J13-41
Added Pin To Net: NetName=PWM1 Pin=J13-42
Added Pin To Net: NetName=V5 Pin=PTC1-1
Added Pin To Net: NetName=NetFB1_1 Pin=PTC1-2
Added Pin To Net: NetName=I\S\E\N\S\O\R\_\C\S\ Pin=R1-1
Added Pin To Net: NetName=VCC3V3 Pin=R1-2
Added Pin To Net: NetName=GND Pin=VDR1-1
Added Pin To Net: NetName=NetFB2_1 Pin=VDR1-2
Added Pin To Net: NetName=NetFB3_1 Pin=VDR4-1
Added Pin To Net: NetName=GND Pin=VDR4-2
Added Pin To Net: NetName=GND Pin=VDR5-1
Added Pin To Net: NetName=NetFB4_1 Pin=VDR5-2
Added Pin To Net: NetName=NetFB5_1 Pin=VDR6-2
Added Pin To Net: NetName=GND Pin=VDR7-1
Added Pin To Net: NetName=NetFB6_1 Pin=VDR7-2
Added Pin To Net: NetName=GND Pin=VDR8-1
Added Pin To Net: NetName=BAT2S_VOLT Pin=VDR8-2
Added Pin To Net: NetName=GND Pin=VDR9-1
Added Pin To Net: NetName=NetFB7_1 Pin=VDR9-2
Added Pin To Net: NetName=GND Pin=VDR10-1
Added Pin To Net: NetName=NetFB8_1 Pin=VDR10-2
Added Member To Class: ClassName=IO Member=Component C1 470uF/16V
Added Member To Class: ClassName=IO Member=Component D1 SK52B
Added Member To Class: ClassName=IO Member=Component FB1 742792625
Added Member To Class: ClassName=IO Member=Component FB2 742792625
Added Member To Class: ClassName=IO Member=Component FB3 742792625
Added Member To Class: ClassName=IO Member=Component FB4 742792625
Added Member To Class: ClassName=IO Member=Component FB5 742792625
Added Member To Class: ClassName=IO Member=Component FB6 742792625
Added Member To Class: ClassName=IO Member=Component FB7 742792625
Added Member To Class: ClassName=IO Member=Component FB8 742792625
Added Member To Class: ClassName=IO Member=Component J1 CAN
Added Member To Class: ClassName=IO Member=Component J2 UART
Added Member To Class: ClassName=IO Member=Component J3 POWER_5V
Added Member To Class: ClassName=IO Member=Component J4 CAP1
Added Member To Class: ClassName=IO Member=Component J5 HEAD3X12
Added Member To Class: ClassName=IO Member=Component J6 I2C
Added Member To Class: ClassName=IO Member=Component J7 iSensor
Added Member To Class: ClassName=IO Member=Component J8 SBUS
Added Member To Class: ClassName=IO Member=Component J9 CAP2
Added Member To Class: ClassName=IO Member=Component J10 UART
Added Member To Class: ClassName=IO Member=Component J11 JTAG
Added Member To Class: ClassName=IO Member=Component J12 HEAD1X42
Added Member To Class: ClassName=IO Member=Component J13 HEAD1X42
Added Member To Class: ClassName=IO Member=Component PTC1 0ZCH0150FF2E
Added Member To Class: ClassName=IO Member=Component R1 10K
Added Member To Class: ClassName=IO Member=Component VDR1 82536040
Added Member To Class: ClassName=IO Member=Component VDR4 82536040
Added Member To Class: ClassName=IO Member=Component VDR5 82536040
Added Member To Class: ClassName=IO Member=Component VDR6 82536040
Added Member To Class: ClassName=IO Member=Component VDR7 82536040
Added Member To Class: ClassName=IO Member=Component VDR8 82536070/9V
Added Member To Class: ClassName=IO Member=Component VDR9 82536040
Added Member To Class: ClassName=IO Member=Component VDR10 82536040
Added Room: Name=IO
