Change Component Designator: OldDesignator=CAN NewDesignator=J1
Change Component Designator: OldDesignator=I2C NewDesignator=J6
Change Component Designator: OldDesignator=Isensor NewDesignator=J7
Change Component Designator: OldDesignator=JTAG NewDesignator=J11
Change Component Designator: OldDesignator=POWER NewDesignator=J3
Change Component Designator: OldDesignator=PWM&SBUS NewDesignator=J5
Change Component Designator: OldDesignator=SCI NewDesignator=J10
Added Component: Designator=J12(FPC0.5-42)
Added Component: Designator=J13(FPC0.5-42)
Added Pin To Net: NetName=VDD5_PERIPH Pin=J12-1
Added Pin To Net: NetName=VDD5_PERIPH Pin=J12-2
Added Pin To Net: NetName=GND Pin=J12-3
Added Pin To Net: NetName=GND Pin=J12-4
Added Pin To Net: NetName=CANTL Pin=J12-5
Added Pin To Net: NetName=CANTH Pin=J12-6
Added Pin To Net: NetName=BAT2S_VOLT Pin=J12-7
Added Pin To Net: NetName=BAT6S_VOLT_SENSE Pin=J12-8
Added Pin To Net: NetName=BAT_CURRENT_SENSE Pin=J12-9
Added Pin To Net: NetName=CAP2 Pin=J12-10
Added Pin To Net: NetName=CAP1 Pin=J12-11
Added Pin To Net: NetName=TCK Pin=J12-12
Added Pin To Net: NetName=EMU1 Pin=J12-13
Added Pin To Net: NetName=EMU0 Pin=J12-14
Added Pin To Net: NetName=TMS Pin=J12-15
Added Pin To Net: NetName=T\R\S\T\ Pin=J12-16
Added Pin To Net: NetName=TDO Pin=J12-17
Added Pin To Net: NetName=TDI Pin=J12-18
Added Pin To Net: NetName=SCL Pin=J12-19
Added Pin To Net: NetName=SDA Pin=J12-20
Added Pin To Net: NetName=I\S\E\N\S\O\R\_\C\S\ Pin=J12-21
Added Pin To Net: NetName=ISENSOR_CLK Pin=J12-22
Added Pin To Net: NetName=ISENSOR_SOMI Pin=J12-23
Added Pin To Net: NetName=ISENSOR_SIMO Pin=J12-24
Added Pin To Net: NetName=SCIRXC Pin=J12-25
Added Pin To Net: NetName=SCITXC Pin=J12-26
Added Pin To Net: NetName=SCIRXA Pin=J12-27
Added Pin To Net: NetName=SCITXA Pin=J12-28
Added Pin To Net: NetName=SBUS_TX Pin=J12-29
Added Pin To Net: NetName=SBUS_RX Pin=J12-30
Added Pin To Net: NetName=PWM12 Pin=J12-31
Added Pin To Net: NetName=PWM11 Pin=J12-32
Added Pin To Net: NetName=PWM10 Pin=J12-33
Added Pin To Net: NetName=PWM9 Pin=J12-34
Added Pin To Net: NetName=PWM8 Pin=J12-35
Added Pin To Net: NetName=PWM7 Pin=J12-36
Added Pin To Net: NetName=PWM6 Pin=J12-37
Added Pin To Net: NetName=PWM5 Pin=J12-38
Added Pin To Net: NetName=PWM4 Pin=J12-39
Added Pin To Net: NetName=PWM3 Pin=J12-40
Added Pin To Net: NetName=PWM2 Pin=J12-41
Added Pin To Net: NetName=PWM1 Pin=J12-42
Added Pin To Net: NetName=VDD5_PERIPH Pin=J13-1
Added Pin To Net: NetName=VDD5_PERIPH Pin=J13-2
Added Pin To Net: NetName=GND Pin=J13-3
Added Pin To Net: NetName=GND Pin=J13-4
Added Pin To Net: NetName=CANTL Pin=J13-5
Added Pin To Net: NetName=CANTH Pin=J13-6
Added Pin To Net: NetName=BAT2S_VOLT Pin=J13-7
Added Pin To Net: NetName=BAT6S_VOLT_SENSE Pin=J13-8
Added Pin To Net: NetName=BAT_CURRENT_SENSE Pin=J13-9
Added Pin To Net: NetName=CAP2 Pin=J13-10
Added Pin To Net: NetName=CAP1 Pin=J13-11
Added Pin To Net: NetName=TCK Pin=J13-12
Added Pin To Net: NetName=EMU1 Pin=J13-13
Added Pin To Net: NetName=EMU0 Pin=J13-14
Added Pin To Net: NetName=TMS Pin=J13-15
Added Pin To Net: NetName=T\R\S\T\ Pin=J13-16
Added Pin To Net: NetName=TDO Pin=J13-17
Added Pin To Net: NetName=TDI Pin=J13-18
Added Pin To Net: NetName=SCL Pin=J13-19
Added Pin To Net: NetName=SDA Pin=J13-20
Added Pin To Net: NetName=I\S\E\N\S\O\R\_\C\S\ Pin=J13-21
Added Pin To Net: NetName=ISENSOR_CLK Pin=J13-22
Added Pin To Net: NetName=ISENSOR_SOMI Pin=J13-23
Added Pin To Net: NetName=ISENSOR_SIMO Pin=J13-24
Added Pin To Net: NetName=SCIRXC Pin=J13-25
Added Pin To Net: NetName=SCITXC Pin=J13-26
Added Pin To Net: NetName=SCIRXA Pin=J13-27
Added Pin To Net: NetName=SCITXA Pin=J13-28
Added Pin To Net: NetName=SBUS_TX Pin=J13-29
Added Pin To Net: NetName=SBUS_RX Pin=J13-30
Added Pin To Net: NetName=PWM12 Pin=J13-31
Added Pin To Net: NetName=PWM11 Pin=J13-32
Added Pin To Net: NetName=PWM10 Pin=J13-33
Added Pin To Net: NetName=PWM9 Pin=J13-34
Added Pin To Net: NetName=PWM8 Pin=J13-35
Added Pin To Net: NetName=PWM7 Pin=J13-36
Added Pin To Net: NetName=PWM6 Pin=J13-37
Added Pin To Net: NetName=PWM5 Pin=J13-38
Added Pin To Net: NetName=PWM4 Pin=J13-39
Added Pin To Net: NetName=PWM3 Pin=J13-40
Added Pin To Net: NetName=PWM2 Pin=J13-41
Added Pin To Net: NetName=PWM1 Pin=J13-42
Added Member To Class: ClassName=IO Member=Component J10 UART
Added Member To Class: ClassName=IO Member=Component J12 HEAD1X42
Added Member To Class: ClassName=IO Member=Component J13 HEAD1X42
Added Room: Name=IO
