Added Component: Designator=J10(GH1.25-4)
Added Component: Designator=J14(GH1.25-6)
Added Component: Designator=J15(GH1.25-4)
Added Component: Designator=J16(GH1.25-4)
Added Pin To Net: NetName=GND Pin=J10-1
Added Pin To Net: NetName=NetFB8_1 Pin=J10-2
Added Pin To Net: NetName=SCITXC Pin=J10-3
Added Pin To Net: NetName=SCIRXC Pin=J10-4
Added Pin To Net: NetName=NetFB5_1 Pin=J14-1
Added Pin To Net: NetName=GND Pin=J14-2
Added Pin To Net: NetName=ISENSOR_CLK Pin=J14-3
Added Pin To Net: NetName=ISENSOR_CLK Pin=J14-4
Added Pin To Net: NetName=ISENSOR_SOMI Pin=J14-5
Added Pin To Net: NetName=ISENSOR_SIMO Pin=J14-6
Added Pin To Net: NetName=GND Pin=J15-1
Added Pin To Net: NetName=CANTL Pin=J15-2
Added Pin To Net: NetName=CANTH Pin=J15-3
Added Pin To Net: NetName=NetFB2_1 Pin=J15-4
Added Pin To Net: NetName=GND Pin=J16-1
Added Pin To Net: NetName=NetFB4_1 Pin=J16-2
Added Pin To Net: NetName=SCL Pin=J16-3
Added Member To Class: ClassName=IO Member=Component J14 iSensor
Added Member To Class: ClassName=IO Member=Component J15 CAN
Added Member To Class: ClassName=IO Member=Component J16 I2C
Added Room: Name=IO
