Removed Pin From Net: NetName=DIO3 Pin=-1
Removed Pin From Net: NetName=DIO4 Pin=-2
Removed Pin From Net: NetName=SCLK Pin=-3
Removed Pin From Net: NetName=DOUT Pin=-4
Removed Pin From Net: NetName=DIN Pin=-5
Removed Pin From Net: NetName=C\S\ Pin=-6
Removed Pin From Net: NetName=DIO1 Pin=-7
Removed Pin From Net: NetName=R\S\T\ Pin=-8
Removed Pin From Net: NetName=GND Pin=D1-1
Removed Pin From Net: NetName=VDD Pin=D1-2
Removed Pin From Net: NetName=GND Pin=D2-1
Removed Pin From Net: NetName=GND Pin=J1-3
Removed Member From Class: ClassName=iSensor Member=D1
Removed Member From Class: ClassName=iSensor Member=D2
Change Component Designator: OldDesignator= NewDesignator=ADIS16488A
Added Component: Designator=C?(0603C)
Added Component: Designator=C?(0603C)
Added Component: Designator=C?(0603C)
Added Component: Designator=D?(82380050100)
Added Component: Designator=D?(82380050100)
Added Component: Designator=D?(0603D)
Added Component: Designator=VDR?(0603R)
Added Component: Designator=VDR?(0603R)
Added Pin To Net: NetName=VDD Pin=ADIS16488A-23
Added Pin To Net: NetName=GND Pin=C?-1
Added Pin To Net: NetName=GND Pin=C?-1
Added Pin To Net: NetName=GND Pin=C?-1
Added Pin To Net: NetName=VDD Pin=C?-2
Added Pin To Net: NetName=VDD Pin=C?-2
Added Pin To Net: NetName=VDD Pin=C?-2
Added Pin To Net: NetName=DIO1 Pin=D?-1
Added Pin To Net: NetName=DIO2 Pin=D?-1
Added Pin To Net: NetName=GND Pin=D?-2
Added Pin To Net: NetName=R\S\T\ Pin=D?-2
Added Pin To Net: NetName=DIN Pin=D?-3
Added Pin To Net: NetName=C\S\ Pin=D?-4
Added Pin To Net: NetName=SCLK Pin=D?-5
Added Pin To Net: NetName=DOUT Pin=D?-6
Added Pin To Net: NetName=DIO3 Pin=D?-7
Added Pin To Net: NetName=DIO4 Pin=D?-8
Added Pin To Net: NetName=VDD Pin=J1-2
Added Pin To Net: NetName=GND Pin=VDR?-1
Added Pin To Net: NetName=GND Pin=VDR?-1
Added Pin To Net: NetName=VDD Pin=VDR?-2
Added Pin To Net: NetName=VDD Pin=VDR?-2
Added Pin To Net: NetName=NetADIS16488A_1 Pin=ADIS16488A-1
Added Pin To Net: NetName=NetADIS16488A_1 Pin=D?-8
Added Net: Name=NetADIS16488A_1
Added Pin To Net: NetName=NetADIS16488A_2 Pin=ADIS16488A-2
Added Pin To Net: NetName=NetADIS16488A_2 Pin=D?-7
Added Net: Name=NetADIS16488A_2
Added Pin To Net: NetName=NetADIS16488A_3 Pin=ADIS16488A-3
Added Pin To Net: NetName=NetADIS16488A_3 Pin=D?-6
Added Net: Name=NetADIS16488A_3
Added Pin To Net: NetName=NetADIS16488A_4 Pin=ADIS16488A-4
Added Pin To Net: NetName=NetADIS16488A_4 Pin=D?-5
Added Net: Name=NetADIS16488A_4
Added Pin To Net: NetName=NetADIS16488A_5 Pin=ADIS16488A-5
Added Pin To Net: NetName=NetADIS16488A_5 Pin=D?-4
Added Net: Name=NetADIS16488A_5
Added Pin To Net: NetName=NetADIS16488A_6 Pin=ADIS16488A-6
Added Pin To Net: NetName=NetADIS16488A_6 Pin=D?-3
Added Net: Name=NetADIS16488A_6
Added Pin To Net: NetName=NetADIS16488A_7 Pin=ADIS16488A-7
Added Pin To Net: NetName=NetADIS16488A_7 Pin=D?-2
Added Net: Name=NetADIS16488A_7
Added Pin To Net: NetName=NetADIS16488A_8 Pin=ADIS16488A-8
Added Pin To Net: NetName=NetADIS16488A_8 Pin=D?-1
Added Net: Name=NetADIS16488A_8
Added Member To Class: ClassName=iSensor Member=Component ADIS16488A iSensor-10
Added Member To Class: ClassName=iSensor Member=Component C? 0.1uF
Added Member To Class: ClassName=iSensor Member=Component D? 82380050100
Added Member To Class: ClassName=iSensor Member=Component VDR? 82536040
Added Room: Name=iSensor
