Added Component: Designator=C1(0603C)
Added Component: Designator=C2(0603C)
Added Component: Designator=C3(0603C)
Added Component: Designator=D1(82380050100)
Added Component: Designator=D2(82380050100)
Added Component: Designator=D3(0603D)
Added Component: Designator=VDR2(0603R)
Added Component: Designator=VDR3(0603R)
Added Pin To Net: NetName=GND Pin=C1-1
Added Pin To Net: NetName=VDD Pin=C1-2
Added Pin To Net: NetName=GND Pin=C2-1
Added Pin To Net: NetName=VDD Pin=C2-2
Added Pin To Net: NetName=GND Pin=C3-1
Added Pin To Net: NetName=VDD Pin=C3-2
Added Pin To Net: NetName=DIO1 Pin=D1-1
Added Pin To Net: NetName=NetADIS16488A_7 Pin=D1-2
Added Pin To Net: NetName=DIN Pin=D1-3
Added Pin To Net: NetName=NetADIS16488A_5 Pin=D1-4
Added Pin To Net: NetName=SCLK Pin=D1-5
Added Pin To Net: NetName=NetADIS16488A_3 Pin=D1-6
Added Pin To Net: NetName=DIO3 Pin=D1-7
Added Pin To Net: NetName=NetADIS16488A_1 Pin=D1-8
Added Pin To Net: NetName=NetADIS16488A_8 Pin=D2-1
Added Pin To Net: NetName=R\S\T\ Pin=D2-2
Added Pin To Net: NetName=NetADIS16488A_6 Pin=D2-3
Added Pin To Net: NetName=C\S\ Pin=D2-4
Added Pin To Net: NetName=NetADIS16488A_4 Pin=D2-5
Added Pin To Net: NetName=DOUT Pin=D2-6
Added Pin To Net: NetName=NetADIS16488A_2 Pin=D2-7
Added Pin To Net: NetName=DIO4 Pin=D2-8
Added Pin To Net: NetName=DIO2 Pin=D3-1
Added Pin To Net: NetName=GND Pin=D3-2
Added Pin To Net: NetName=GND Pin=VDR2-1
Added Pin To Net: NetName=VDD Pin=VDR2-2
Added Pin To Net: NetName=GND Pin=VDR3-1
Added Pin To Net: NetName=VDD Pin=VDR3-2
Added Member To Class: ClassName=iSensor Member=Component C1 0.1uF
Added Member To Class: ClassName=iSensor Member=Component C2 0.1uF
Added Member To Class: ClassName=iSensor Member=Component C3 10uF
Added Member To Class: ClassName=iSensor Member=Component D1 82380050100
Added Member To Class: ClassName=iSensor Member=Component D2 82380050100
Added Member To Class: ClassName=iSensor Member=Component D3 82306050029
Added Member To Class: ClassName=iSensor Member=Component VDR2 82536040
Added Member To Class: ClassName=iSensor Member=Component VDR3 82536040
Added Room: Name=iSensor
