Added Component: Designator=ADIS16488A(iSensor)
Added Component: Designator=J1(53048-12)
Added Component: Designator=J2(SIP3)
Added Pin To Net: NetName=C\S\ Pin=ADIS16488A-6
Added Pin To Net: NetName=C\S\ Pin=J1-12
Added Net: Name=C\S\
Added Pin To Net: NetName=DIO1 Pin=ADIS16488A-7
Added Pin To Net: NetName=DIO1 Pin=J1-11
Added Net: Name=DIO1
Added Pin To Net: NetName=DIO2 Pin=ADIS16488A-9
Added Pin To Net: NetName=DIO2 Pin=J1-10
Added Net: Name=DIO2
Added Pin To Net: NetName=DIO3 Pin=ADIS16488A-1
Added Pin To Net: NetName=DIO3 Pin=J1-9
Added Net: Name=DIO3
Added Pin To Net: NetName=DIO4 Pin=ADIS16488A-2
Added Pin To Net: NetName=DIO4 Pin=J1-8
Added Net: Name=DIO4
Added Pin To Net: NetName=GND Pin=ADIS16488A-13
Added Pin To Net: NetName=GND Pin=ADIS16488A-14
Added Pin To Net: NetName=GND Pin=ADIS16488A-15
Added Pin To Net: NetName=GND Pin=J1-3
Added Net: Name=GND
Added Pin To Net: NetName=R\S\T\ Pin=ADIS16488A-8
Added Pin To Net: NetName=R\S\T\ Pin=J1-7
Added Net: Name=R\S\T\
Added Pin To Net: NetName=SCLK Pin=ADIS16488A-3
Added Pin To Net: NetName=SCLK Pin=J1-6
Added Net: Name=SCLK
Added Pin To Net: NetName=SIMO Pin=ADIS16488A-4
Added Net: Name=SIMO
Added Pin To Net: NetName=SOMI Pin=ADIS16488A-5
Added Pin To Net: NetName=SOMI Pin=J1-5
Added Net: Name=SOMI
Added Pin To Net: NetName=SOMO Pin=J1-4
Added Net: Name=SOMO
Added Pin To Net: NetName=VDDRTC Pin=ADIS16488A-23
Added Pin To Net: NetName=VDDRTC Pin=J2-2
Added Net: Name=VDDRTC
Added Pin To Net: NetName=VDD Pin=ADIS16488A-10
Added Pin To Net: NetName=VDD Pin=ADIS16488A-11
Added Pin To Net: NetName=VDD Pin=ADIS16488A-12
Added Pin To Net: NetName=VDD Pin=J1-1
Added Pin To Net: NetName=VDD Pin=J2-1
Added Net: Name=VDD
Added Pin To Net: NetName=VRTC Pin=J1-2
Added Pin To Net: NetName=VRTC Pin=J2-3
Added Net: Name=VRTC
Added Class: Name=iSensor
Added Room: Name=iSensor
