Added Component: Designator=ADIS1(iSensor)
Added Component: Designator=C1(0603C)
Added Component: Designator=C2(0603C)
Added Component: Designator=C3(3528/B)
Added Component: Designator=C4(0603C)
Added Component: Designator=D1(SOT353)
Added Component: Designator=FB1(0603-FB)
Added Component: Designator=J1(GH1.25-6)
Added Component: Designator=K1(3*6*2.5 SMD)
Added Component: Designator=R1(0603R)
Added Component: Designator=U1(SOT223)
Added Component: Designator=VDR1(0603R)
Added Pin To Net: NetName=C\S\ Pin=ADIS1-6
Added Pin To Net: NetName=C\S\ Pin=D1-1
Added Pin To Net: NetName=C\S\ Pin=J1-3
Added Net: Name=C\S\
Added Pin To Net: NetName=DIN Pin=ADIS1-5
Added Pin To Net: NetName=DIN Pin=D1-4
Added Pin To Net: NetName=DIN Pin=J1-6
Added Net: Name=DIN
Added Pin To Net: NetName=DOUT Pin=ADIS1-4
Added Pin To Net: NetName=DOUT Pin=D1-3
Added Pin To Net: NetName=DOUT Pin=J1-5
Added Net: Name=DOUT
Added Pin To Net: NetName=GND Pin=ADIS1-13
Added Pin To Net: NetName=GND Pin=ADIS1-14
Added Pin To Net: NetName=GND Pin=ADIS1-15
Added Pin To Net: NetName=GND Pin=C1-1
Added Pin To Net: NetName=GND Pin=C2-1
Added Pin To Net: NetName=GND Pin=C3-2
Added Pin To Net: NetName=GND Pin=C4-1
Added Pin To Net: NetName=GND Pin=D1-2
Added Pin To Net: NetName=GND Pin=J1-2
Added Pin To Net: NetName=GND Pin=K1-2
Added Pin To Net: NetName=GND Pin=U1-1
Added Pin To Net: NetName=GND Pin=VDR1-1
Added Net: Name=GND
Added Pin To Net: NetName=NetFB1_1 Pin=FB1-1
Added Pin To Net: NetName=NetFB1_1 Pin=J1-1
Added Pin To Net: NetName=NetFB1_1 Pin=VDR1-2
Added Net: Name=NetFB1_1
Added Pin To Net: NetName=R\S\T\ Pin=ADIS1-8
Added Pin To Net: NetName=R\S\T\ Pin=C1-2
Added Pin To Net: NetName=R\S\T\ Pin=K1-1
Added Pin To Net: NetName=R\S\T\ Pin=R1-1
Added Net: Name=R\S\T\
Added Pin To Net: NetName=SCLK Pin=ADIS1-3
Added Pin To Net: NetName=SCLK Pin=D1-5
Added Pin To Net: NetName=SCLK Pin=J1-4
Added Net: Name=SCLK
Added Pin To Net: NetName=VCC3V3 Pin=ADIS1-10
Added Pin To Net: NetName=VCC3V3 Pin=ADIS1-11
Added Pin To Net: NetName=VCC3V3 Pin=ADIS1-12
Added Pin To Net: NetName=VCC3V3 Pin=ADIS1-23
Added Pin To Net: NetName=VCC3V3 Pin=C3-1
Added Pin To Net: NetName=VCC3V3 Pin=C4-2
Added Pin To Net: NetName=VCC3V3 Pin=R1-2
Added Pin To Net: NetName=VCC3V3 Pin=U1-2
Added Net: Name=VCC3V3
Added Pin To Net: NetName=VDD5_PERIPH Pin=C2-2
Added Pin To Net: NetName=VDD5_PERIPH Pin=FB1-2
Added Pin To Net: NetName=VDD5_PERIPH Pin=U1-3
Added Net: Name=VDD5_PERIPH
Added Class: Name=iSensor
Added Room: Name=iSensor
